Log file open, 11/29/19 10:28:26
LogWindows: Failed to load 'aqProf.dll' (GetLastError=126)
LogWindows: File 'aqProf.dll' does not exist
LogWindows: Failed to load 'VtuneApi.dll' (GetLastError=126)
LogWindows: File 'VtuneApi.dll' does not exist
LogWindows: Failed to load 'VtuneApi32e.dll' (GetLastError=126)
LogWindows: File 'VtuneApi32e.dll' does not exist
LogConsoleResponse: Display: Failed to find resolution value strings in scalability ini. Falling back to default.
LogInit: Display: Running engine for game: mainP
LogPakFile: Registered encryption key '00000000000000000000000000000000': 0 pak files mounted, 0 remain pending
LogPlatformFile: Not using cached read wrapper
LogTaskGraph: Started task graph with 5 named threads and 23 total threads with 3 sets of task threads.
LogStats: Stats thread started at 0.280712
LogD3D11RHI: Loaded GFSDK_Aftermath_Lib.x64.dll
LogICUInternationalization: ICU TimeZone Detection - Raw Offset: +9:00, Platform Override: ''
LogPluginManager: Mounting plugin Paper2D
LogPluginManager: Mounting plugin AISupport
LogPluginManager: Mounting plugin LightPropagationVolume
LogPluginManager: Mounting plugin ActorLayerUtilities
LogPluginManager: Mounting plugin AnimationSharing
LogPluginManager: Mounting plugin CLionSourceCodeAccess
LogPluginManager: Mounting plugin CodeLiteSourceCodeAccess
LogPluginManager: Mounting plugin GitSourceControl
LogPluginManager: Mounting plugin KDevelopSourceCodeAccess
LogPluginManager: Mounting plugin NullSourceCodeAccess
LogPluginManager: Mounting plugin PerforceSourceControl
LogPluginManager: Mounting plugin SubversionSourceControl
LogPluginManager: Mounting plugin UObjectPlugin
LogPluginManager: Mounting plugin VisualStudioCodeSourceCodeAccess
LogPluginManager: Mounting plugin VisualStudioSourceCodeAccess
LogPluginManager: Mounting plugin XCodeSourceCodeAccess
LogPluginManager: Mounting plugin AssetManagerEditor
LogPluginManager: Mounting plugin CryptoKeys
LogPluginManager: Mounting plugin DataValidation
LogPluginManager: Mounting plugin FacialAnimation
LogPluginManager: Mounting plugin GameplayTagsEditor
LogPluginManager: Mounting plugin MacGraphicsSwitching
LogPluginManager: Mounting plugin MaterialAnalyzer
LogPluginManager: Mounting plugin MobileLauncherProfileWizard
LogPluginManager: Mounting plugin PluginBrowser
LogPluginManager: Mounting plugin SpeedTreeImporter
LogPluginManager: Mounting plugin DatasmithContent
LogPluginManager: Mounting plugin VariantManagerContent
LogPluginManager: Mounting plugin AlembicImporter
LogPluginManager: Mounting plugin AppleImageUtils
LogPluginManager: Mounting plugin AppleVision
LogPluginManager: Mounting plugin BackChannel
LogPluginManager: Mounting plugin CharacterAI
LogPluginManager: Mounting plugin GeometryCache
LogPluginManager: Mounting plugin HTML5Networking
LogPluginManager: Mounting plugin ProxyLODPlugin
LogPluginManager: Mounting plugin SkeletalReduction
LogPluginManager: Mounting plugin MagicLeap
LogPluginManager: Mounting plugin MagicLeapMedia
LogPluginManager: Mounting plugin AndroidMedia
LogPluginManager: Mounting plugin AvfMedia
LogPluginManager: Mounting plugin ImgMedia
LogPluginManager: Mounting plugin LinearTimecode
LogPluginManager: Mounting plugin MediaCompositing
LogPluginManager: Mounting plugin MediaPlayerEditor
LogPluginManager: Mounting plugin WebMMedia
LogPluginManager: Mounting plugin WmfMedia
LogPluginManager: Mounting plugin TcpMessaging
LogPluginManager: Mounting plugin UdpMessaging
LogPluginManager: Mounting plugin ActorSequence
LogPluginManager: Mounting plugin LevelSequenceEditor
LogPluginManager: Mounting plugin MatineeToLevelSequence
LogPluginManager: Mounting plugin NetcodeUnitTest
LogPluginManager: Mounting plugin NUTUnrealEngine4
LogPluginManager: Mounting plugin OnlineSubsystemGooglePlay
LogPluginManager: Mounting plugin OnlineSubsystemIOS
LogPluginManager: Mounting plugin OnlineSubsystem
LogPluginManager: Mounting plugin OnlineSubsystemNull
LogPluginManager: Mounting plugin OnlineSubsystemUtils
LogPluginManager: Mounting plugin LauncherChunkInstaller
LogPluginManager: Mounting plugin AndroidDeviceProfileSelector
LogPluginManager: Mounting plugin AndroidMoviePlayer
LogPluginManager: Mounting plugin AndroidPermission
LogPluginManager: Mounting plugin AppleMoviePlayer
LogPluginManager: Mounting plugin ArchVisCharacter
LogPluginManager: Mounting plugin AudioCapture
LogPluginManager: Mounting plugin CableComponent
LogPluginManager: Mounting plugin CustomMeshComponent
LogPluginManager: Mounting plugin EditableMesh
LogPluginManager: Mounting plugin ExampleDeviceProfileSelector
LogPluginManager: Mounting plugin Firebase
LogPluginManager: Mounting plugin GoogleCloudMessaging
LogPluginManager: Mounting plugin IOSDeviceProfileSelector
LogPluginManager: Mounting plugin LinuxDeviceProfileSelector
LogPluginManager: Mounting plugin LocationServicesBPLibrary
LogPluginManager: Mounting plugin MobilePatchingUtils
LogPluginManager: Mounting plugin OculusVR
LogPluginManager: Mounting plugin PhysXVehicles
LogPluginManager: Mounting plugin ProceduralMeshComponent
LogPluginManager: Mounting plugin RuntimePhysXCooking
LogPluginManager: Mounting plugin SignificanceManager
LogPluginManager: Mounting plugin SteamVR
LogPluginManager: Mounting plugin WebMMoviePlayer
LogPluginManager: Mounting plugin WindowsMoviePlayer
LogInit: Using libcurl 7.55.1-DEV
LogInit:  - built for x86_64-pc-win32
LogInit:  - supports SSL with OpenSSL/1.1.1
LogInit:  - supports HTTP deflate (compression) using libz 1.2.8
LogInit:  - other features:
LogInit:      CURL_VERSION_SSL
LogInit:      CURL_VERSION_LIBZ
LogInit:      CURL_VERSION_IPV6
LogInit:      CURL_VERSION_ASYNCHDNS
LogInit:      CURL_VERSION_LARGEFILE
LogInit:      CURL_VERSION_IDN
LogInit:  CurlRequestOptions (configurable via config and command line):
LogInit:  - bVerifyPeer = true  - Libcurl will verify peer certificate
LogInit:  - bUseHttpProxy = false  - Libcurl will NOT use HTTP proxy
LogInit:  - bDontReuseConnections = false  - Libcurl will reuse connections
LogInit:  - MaxHostConnections = 16  - Libcurl will limit the number of connections to a host
LogInit:  - LocalHostAddr = Default
LogInit:  - BufferSize = 65536
LogInit: WinSock: version 1.1 (2.2), MaxSocks=32767, MaxUdp=65467
LogInit: Build: ++UE4+Release-4.22-CL-7053642
LogInit: Engine Version: 4.22.3-7053642+++UE4+Release-4.22
LogInit: Compatible Engine Version: 4.22.0-5660361+++UE4+Release-4.22
LogInit: Net CL: 5660361
LogInit: OS: Windows 10 (Release 1709) (), CPU: Intel(R) Core(TM) i7-7700HQ CPU @ 2.80GHz, GPU: Intel(R) HD Graphics 630
LogInit: Compiled (64-bit): Jun 18 2019 03:09:11
LogInit: Compiled with Visual C++: 19.16.27025.01
LogInit: Build Configuration: Development
LogInit: Branch Name: ++UE4+Release-4.22
LogInit: Command Line:  -EpicPortal -epicusername=oFREEDOMo -epicuserid=5c2cf9ee8cd64e60ba2702dec454fbc8 -epiclocale=ja-JP
LogInit: Base Directory: D:/UE_4.22/Engine/Binaries/Win64/
LogInit: Installed Engine Build: 1
LogDevObjectVersion: Number of dev versions registered: 23
LogDevObjectVersion:   Dev-Blueprints (B0D832E4-1F89-4F0D-ACCF-7EB736FD4AA2): 10
LogDevObjectVersion:   Dev-Build (E1C64328-A22C-4D53-A36C-8E866417BD8C): 0
LogDevObjectVersion:   Dev-Core (375EC13C-06E4-48FB-B500-84F0262A717E): 3
LogDevObjectVersion:   Dev-Editor (E4B068ED-F494-42E9-A231-DA0B2E46BB41): 30
LogDevObjectVersion:   Dev-Framework (CFFC743F-43B0-4480-9391-14DF171D2073): 35
LogDevObjectVersion:   Dev-Mobile (B02B49B5-BB20-44E9-A304-32B752E40360): 2
LogDevObjectVersion:   Dev-Networking (A4E4105C-59A1-49B5-A7C5-40C4547EDFEE): 0
LogDevObjectVersion:   Dev-Online (39C831C9-5AE6-47DC-9A44-9C173E1C8E7C): 0
LogDevObjectVersion:   Dev-Physics (78F01B33-EBEA-4F98-B9B4-84EACCB95AA2): 0
LogDevObjectVersion:   Dev-Platform (6631380F-2D4D-43E0-8009-CF276956A95A): 0
LogDevObjectVersion:   Dev-Rendering (12F88B9F-8875-4AFC-A67C-D90C383ABD29): 28
LogDevObjectVersion:   Dev-Sequencer (7B5AE74C-D270-4C10-A958-57980B212A5A): 11
LogDevObjectVersion:   Dev-VR (D7296918-1DD6-4BDD-9DE2-64A83CC13884): 2
LogDevObjectVersion:   Dev-LoadTimes (C2A15278-BFE7-4AFE-6C17-90FF531DF755): 1
LogDevObjectVersion:   Private-Geometry (6EACA3D4-40EC-4CC1-B786-8BED09428FC5): 3
LogDevObjectVersion:   Dev-AnimPhys (29E575DD-E0A3-4627-9D10-D276232CDCEA): 17
LogDevObjectVersion:   Dev-Anim (AF43A65D-7FD3-4947-9873-3E8ED9C1BB05): 2
LogDevObjectVersion:   Dev-ReflectionCapture (6B266CEC-1EC7-4B8F-A30B-E4D90942FC07): 1
LogDevObjectVersion:   Dev-Automation (0DF73D61-A23F-47EA-B727-89E90C41499A): 1
LogDevObjectVersion:   FortniteMain (601D1886-AC64-4F84-AA16-D3DE0DEAC7D6): 25
LogDevObjectVersion:   Dev-Enterprise (9DFFBCD6-494F-0158-E221-12823C92A888): 6
LogDevObjectVersion:   Dev-Niagara (F2AED0AC-9AFE-416F-8664-AA7FFA26D6FC): 1
LogDevObjectVersion:   Dev-Destruction (174F1F0B-B4C6-45A5-B13F-2EE8D0FB917D): 2
LogInit: Presizing for max 16777216 objects, including 0 objects not considered by GC, pre-allocating 0 bytes for permanent pool.
LogInit: Object subsystem initialized
LogConfig: Setting CVar [[con.DebugEarlyDefault:1]]
LogConfig: Setting CVar [[r.setres:1280x720]]
[2019.11.29-01.28.27:175][  0]LogConfig: Setting CVar [[r.VSync:0]]
[2019.11.29-01.28.27:175][  0]LogConfig: Setting CVar [[r.RHICmdBypass:0]]
[2019.11.29-01.28.27:175][  0]LogConfig: Applying CVar settings from Section [/Script/Engine.RendererSettings] File [C:/Users/1601273/Documents/GitHub/mainP/Saved/Config/Windows/Engine.ini]
[2019.11.29-01.28.27:175][  0]LogConfig: Setting CVar [[r.GPUCrashDebugging:0]]
[2019.11.29-01.28.27:175][  0]LogConfig: Applying CVar settings from Section [/Script/Engine.RendererOverrideSettings] File [C:/Users/1601273/Documents/GitHub/mainP/Saved/Config/Windows/Engine.ini]
[2019.11.29-01.28.27:175][  0]LogConfig: Applying CVar settings from Section [/Script/Engine.StreamingSettings] File [C:/Users/1601273/Documents/GitHub/mainP/Saved/Config/Windows/Engine.ini]
[2019.11.29-01.28.27:175][  0]LogConfig: Setting CVar [[s.MinBulkDataSizeForAsyncLoading:131072]]
[2019.11.29-01.28.27:175][  0]LogConfig: Setting CVar [[s.AsyncLoadingThreadEnabled:0]]
[2019.11.29-01.28.27:176][  0]LogConfig: Setting CVar [[s.EventDrivenLoaderEnabled:1]]
[2019.11.29-01.28.27:176][  0]LogConfig: Setting CVar [[s.WarnIfTimeLimitExceeded:0]]
[2019.11.29-01.28.27:176][  0]LogConfig: Setting CVar [[s.TimeLimitExceededMultiplier:1.5]]
[2019.11.29-01.28.27:176][  0]LogConfig: Setting CVar [[s.TimeLimitExceededMinTime:0.005]]
[2019.11.29-01.28.27:176][  0]LogConfig: Setting CVar [[s.UseBackgroundLevelStreaming:1]]
[2019.11.29-01.28.27:176][  0]LogConfig: Setting CVar [[s.PriorityAsyncLoadingExtraTime:15.0]]
[2019.11.29-01.28.27:176][  0]LogConfig: Setting CVar [[s.LevelStreamingActorsUpdateTimeLimit:5.0]]
[2019.11.29-01.28.27:176][  0]LogConfig: Setting CVar [[s.PriorityLevelStreamingActorsUpdateExtraTime:5.0]]
[2019.11.29-01.28.27:176][  0]LogConfig: Setting CVar [[s.LevelStreamingComponentsRegistrationGranularity:10]]
[2019.11.29-01.28.27:176][  0]LogConfig: Setting CVar [[s.UnregisterComponentsTimeLimit:1.0]]
[2019.11.29-01.28.27:176][  0]LogConfig: Setting CVar [[s.LevelStreamingComponentsUnregistrationGranularity:5]]
[2019.11.29-01.28.27:176][  0]LogConfig: Applying CVar settings from Section [/Script/Engine.GarbageCollectionSettings] File [C:/Users/1601273/Documents/GitHub/mainP/Saved/Config/Windows/Engine.ini]
[2019.11.29-01.28.27:176][  0]LogConfig: Setting CVar [[gc.MaxObjectsNotConsideredByGC:1]]
[2019.11.29-01.28.27:176][  0]LogConfig: Setting CVar [[gc.SizeOfPermanentObjectPool:0]]
[2019.11.29-01.28.27:176][  0]LogConfig: Setting CVar [[gc.FlushStreamingOnGC:0]]
[2019.11.29-01.28.27:176][  0]LogConfig: Setting CVar [[gc.NumRetriesBeforeForcingGC:10]]
[2019.11.29-01.28.27:176][  0]LogConfig: Setting CVar [[gc.AllowParallelGC:1]]
[2019.11.29-01.28.27:176][  0]LogConfig: Setting CVar [[gc.TimeBetweenPurgingPendingKillObjects:61.1]]
[2019.11.29-01.28.27:176][  0]LogConfig: Setting CVar [[gc.MaxObjectsInEditor:16777216]]
[2019.11.29-01.28.27:176][  0]LogConfig: Setting CVar [[gc.IncrementalBeginDestroyEnabled:1]]
[2019.11.29-01.28.27:176][  0]LogConfig: Setting CVar [[gc.CreateGCClusters:1]]
[2019.11.29-01.28.27:176][  0]LogConfig: Setting CVar [[gc.MinGCClusterSize:5]]
[2019.11.29-01.28.27:176][  0]LogConfig: Setting CVar [[gc.ActorClusteringEnabled:0]]
[2019.11.29-01.28.27:176][  0]LogConfig: Setting CVar [[gc.BlueprintClusteringEnabled:0]]
[2019.11.29-01.28.27:176][  0]LogConfig: Setting CVar [[gc.UseDisregardForGCOnDedicatedServers:0]]
[2019.11.29-01.28.27:176][  0]LogConfig: Applying CVar settings from Section [/Script/Engine.NetworkSettings] File [C:/Users/1601273/Documents/GitHub/mainP/Saved/Config/Windows/Engine.ini]
[2019.11.29-01.28.27:176][  0]LogConfig: Applying CVar settings from Section [/Script/UnrealEd.CookerSettings] File [C:/Users/1601273/Documents/GitHub/mainP/Saved/Config/Windows/Engine.ini]
[2019.11.29-01.28.27:178][  0]LogConfig: Applying CVar settings from Section [ViewDistanceQuality@3] File [C:/Users/1601273/Documents/GitHub/mainP/Saved/Config/Windows/Scalability.ini]
[2019.11.29-01.28.27:179][  0]LogConfig: Setting CVar [[r.SkeletalMeshLODBias:0]]
[2019.11.29-01.28.27:179][  0]LogConfig: Setting CVar [[r.ViewDistanceScale:1.0]]
[2019.11.29-01.28.27:179][  0]LogConfig: Applying CVar settings from Section [AntiAliasingQuality@3] File [C:/Users/1601273/Documents/GitHub/mainP/Saved/Config/Windows/Scalability.ini]
[2019.11.29-01.28.27:179][  0]LogConfig: Setting CVar [[r.PostProcessAAQuality:4]]
[2019.11.29-01.28.27:179][  0]LogConfig: Applying CVar settings from Section [ShadowQuality@3] File [C:/Users/1601273/Documents/GitHub/mainP/Saved/Config/Windows/Scalability.ini]
[2019.11.29-01.28.27:179][  0]LogConfig: Setting CVar [[r.LightFunctionQuality:1]]
[2019.11.29-01.28.27:179][  0]LogConfig: Setting CVar [[r.ShadowQuality:5]]
[2019.11.29-01.28.27:179][  0]LogConfig: Setting CVar [[r.Shadow.CSM.MaxCascades:10]]
[2019.11.29-01.28.27:179][  0]LogConfig: Setting CVar [[r.Shadow.MaxResolution:2048]]
[2019.11.29-01.28.27:179][  0]LogConfig: Setting CVar [[r.Shadow.MaxCSMResolution:2048]]
[2019.11.29-01.28.27:179][  0]LogConfig: Setting CVar [[r.Shadow.RadiusThreshold:0.01]]
[2019.11.29-01.28.27:179][  0]LogConfig: Setting CVar [[r.Shadow.DistanceScale:1.0]]
[2019.11.29-01.28.27:179][  0]LogConfig: Setting CVar [[r.Shadow.CSM.TransitionScale:1.0]]
[2019.11.29-01.28.27:179][  0]LogConfig: Setting CVar [[r.Shadow.PreShadowResolutionFactor:1.0]]
[2019.11.29-01.28.27:179][  0]LogConfig: Setting CVar [[r.DistanceFieldShadowing:1]]
[2019.11.29-01.28.27:179][  0]LogConfig: Setting CVar [[r.DistanceFieldAO:1]]
[2019.11.29-01.28.27:179][  0]LogConfig: Setting CVar [[r.AOQuality:2]]
[2019.11.29-01.28.27:179][  0]LogConfig: Setting CVar [[r.VolumetricFog:1]]
[2019.11.29-01.28.27:179][  0]LogConfig: Setting CVar [[r.VolumetricFog.GridPixelSize:8]]
[2019.11.29-01.28.27:179][  0]LogConfig: Setting CVar [[r.VolumetricFog.GridSizeZ:128]]
[2019.11.29-01.28.27:179][  0]LogConfig: Setting CVar [[r.VolumetricFog.HistoryMissSupersampleCount:4]]
[2019.11.29-01.28.27:179][  0]LogConfig: Setting CVar [[r.LightMaxDrawDistanceScale:1]]
[2019.11.29-01.28.27:179][  0]LogConfig: Setting CVar [[r.CapsuleShadows:1]]
[2019.11.29-01.28.27:179][  0]LogConfig: Applying CVar settings from Section [PostProcessQuality@3] File [C:/Users/1601273/Documents/GitHub/mainP/Saved/Config/Windows/Scalability.ini]
[2019.11.29-01.28.27:179][  0]LogConfig: Setting CVar [[r.MotionBlurQuality:4]]
[2019.11.29-01.28.27:179][  0]LogConfig: Setting CVar [[r.AmbientOcclusionMipLevelFactor:0.4]]
[2019.11.29-01.28.27:179][  0]LogConfig: Setting CVar [[r.AmbientOcclusionMaxQuality:100]]
[2019.11.29-01.28.27:179][  0]LogConfig: Setting CVar [[r.AmbientOcclusionLevels:-1]]
[2019.11.29-01.28.27:179][  0]LogConfig: Setting CVar [[r.AmbientOcclusionRadiusScale:1.0]]
[2019.11.29-01.28.27:179][  0]LogConfig: Setting CVar [[r.DepthOfFieldQuality:2]]
[2019.11.29-01.28.27:179][  0]LogConfig: Setting CVar [[r.RenderTargetPoolMin:400]]
[2019.11.29-01.28.27:179][  0]LogConfig: Setting CVar [[r.LensFlareQuality:2]]
[2019.11.29-01.28.27:179][  0]LogConfig: Setting CVar [[r.SceneColorFringeQuality:1]]
[2019.11.29-01.28.27:179][  0]LogConfig: Setting CVar [[r.EyeAdaptationQuality:2]]
[2019.11.29-01.28.27:179][  0]LogConfig: Setting CVar [[r.BloomQuality:5]]
[2019.11.29-01.28.27:179][  0]LogConfig: Setting CVar [[r.FastBlurThreshold:100]]
[2019.11.29-01.28.27:179][  0]LogConfig: Setting CVar [[r.Upscale.Quality:3]]
[2019.11.29-01.28.27:179][  0]LogConfig: Setting CVar [[r.Tonemapper.GrainQuantization:1]]
[2019.11.29-01.28.27:179][  0]LogConfig: Setting CVar [[r.LightShaftQuality:1]]
[2019.11.29-01.28.27:179][  0]LogConfig: Setting CVar [[r.Filter.SizeScale:1]]
[2019.11.29-01.28.27:179][  0]LogConfig: Setting CVar [[r.Tonemapper.Quality:5]]
[2019.11.29-01.28.27:179][  0]LogConfig: Setting CVar [[r.DOF.Gather.AccumulatorQuality:1        ; higher gathering accumulator quality]]
[2019.11.29-01.28.27:179][  0]LogConfig: Setting CVar [[r.DOF.Gather.PostfilterMethod:1          ; Median3x3 postfilering method]]
[2019.11.29-01.28.27:179][  0]LogConfig: Setting CVar [[r.DOF.Gather.EnableBokehSettings:0       ; no bokeh simulation when gathering]]
[2019.11.29-01.28.27:179][  0]LogConfig: Setting CVar [[r.DOF.Gather.RingCount:4                 ; medium number of samples when gathering]]
[2019.11.29-01.28.27:179][  0]LogConfig: Setting CVar [[r.DOF.Scatter.ForegroundCompositing:1    ; additive foreground scattering]]
[2019.11.29-01.28.27:179][  0]LogConfig: Setting CVar [[r.DOF.Scatter.BackgroundCompositing:2    ; additive background scattering]]
[2019.11.29-01.28.27:179][  0]LogConfig: Setting CVar [[r.DOF.Scatter.EnableBokehSettings:1      ; bokeh simulation when scattering]]
[2019.11.29-01.28.27:179][  0]LogConfig: Setting CVar [[r.DOF.Scatter.MaxSpriteRatio:0.1         ; only a maximum of 10% of scattered bokeh]]
[2019.11.29-01.28.27:179][  0]LogConfig: Setting CVar [[r.DOF.Recombine.Quality:1                ; cheap slight out of focus]]
[2019.11.29-01.28.27:179][  0]LogConfig: Setting CVar [[r.DOF.Recombine.EnableBokehSettings:0    ; no bokeh simulation on slight out of focus]]
[2019.11.29-01.28.27:179][  0]LogConfig: Setting CVar [[r.DOF.TemporalAAQuality:1                ; more stable temporal accumulation]]
[2019.11.29-01.28.27:179][  0]LogConfig: Setting CVar [[r.DOF.Kernel.MaxForegroundRadius:0.025]]
[2019.11.29-01.28.27:179][  0]LogConfig: Setting CVar [[r.DOF.Kernel.MaxBackgroundRadius:0.025]]
[2019.11.29-01.28.27:179][  0]LogConfig: Applying CVar settings from Section [TextureQuality@3] File [C:/Users/1601273/Documents/GitHub/mainP/Saved/Config/Windows/Scalability.ini]
[2019.11.29-01.28.27:179][  0]LogConfig: Setting CVar [[r.Streaming.MipBias:0]]
[2019.11.29-01.28.27:179][  0]LogConfig: Setting CVar [[r.Streaming.AmortizeCPUToGPUCopy:0]]
[2019.11.29-01.28.27:179][  0]LogConfig: Setting CVar [[r.Streaming.MaxNumTexturesToStreamPerFrame:0]]
[2019.11.29-01.28.27:179][  0]LogConfig: Setting CVar [[r.Streaming.Boost:1]]
[2019.11.29-01.28.27:179][  0]LogConfig: Setting CVar [[r.MaxAnisotropy:8]]
[2019.11.29-01.28.27:179][  0]LogConfig: Setting CVar [[r.Streaming.LimitPoolSizeToVRAM:0]]
[2019.11.29-01.28.27:179][  0]LogConfig: Setting CVar [[r.Streaming.PoolSize:1000]]
[2019.11.29-01.28.27:179][  0]LogConfig: Setting CVar [[r.Streaming.MaxEffectiveScreenSize:0]]
[2019.11.29-01.28.27:179][  0]LogConfig: Applying CVar settings from Section [EffectsQuality@3] File [C:/Users/1601273/Documents/GitHub/mainP/Saved/Config/Windows/Scalability.ini]
[2019.11.29-01.28.27:179][  0]LogConfig: Setting CVar [[r.TranslucencyLightingVolumeDim:64]]
[2019.11.29-01.28.27:179][  0]LogConfig: Setting CVar [[r.RefractionQuality:2]]
[2019.11.29-01.28.27:179][  0]LogConfig: Setting CVar [[r.SSR.Quality:3]]
[2019.11.29-01.28.27:179][  0]LogConfig: Setting CVar [[r.SceneColorFormat:4]]
[2019.11.29-01.28.27:179][  0]LogConfig: Setting CVar [[r.DetailMode:2]]
[2019.11.29-01.28.27:179][  0]LogConfig: Setting CVar [[r.TranslucencyVolumeBlur:1]]
[2019.11.29-01.28.27:179][  0]LogConfig: Setting CVar [[r.MaterialQualityLevel:1 ; High quality]]
[2019.11.29-01.28.27:179][  0]LogConfig: Setting CVar [[r.SSS.Scale:1]]
[2019.11.29-01.28.27:179][  0]LogConfig: Setting CVar [[r.SSS.SampleSet:2]]
[2019.11.29-01.28.27:179][  0]LogConfig: Setting CVar [[r.SSS.Quality:1]]
[2019.11.29-01.28.27:179][  0]LogConfig: Setting CVar [[r.SSS.HalfRes:1]]
[2019.11.29-01.28.27:179][  0]LogConfig: Setting CVar [[r.EmitterSpawnRateScale:1.0]]
[2019.11.29-01.28.27:180][  0]LogConfig: Setting CVar [[r.ParticleLightQuality:2]]
[2019.11.29-01.28.27:180][  0]LogConfig: Applying CVar settings from Section [FoliageQuality@3] File [C:/Users/1601273/Documents/GitHub/mainP/Saved/Config/Windows/Scalability.ini]
[2019.11.29-01.28.27:180][  0]LogConfig: Setting CVar [[foliage.DensityScale:1.0]]
[2019.11.29-01.28.27:180][  0]LogConfig: Setting CVar [[grass.DensityScale:1.0]]
[2019.11.29-01.28.27:180][  0]LogInit: Selected Device Profile: [Windows]
[2019.11.29-01.28.27:180][  0]LogInit: Applying CVar settings loaded from the selected device profile: [Windows]
[2019.11.29-01.28.27:192][  0]LogHAL: Display: Platform has ~ 8 GB [8463421440 / 8589934592 / 8], which maps to Default [LargestMinGB=32, LargerMinGB=12, DefaultMinGB=8, SmallerMinGB=6, SmallestMinGB=0)
[2019.11.29-01.28.27:192][  0]LogConfig: Setting CVar [[r.Vulkan.UseRealUBs:0		; Required until we fix HLR fall-out]]
[2019.11.29-01.28.27:192][  0]LogInit: Going up to parent DeviceProfile []
[2019.11.29-01.28.27:192][  0]LogConfig: Applying CVar settings from Section [ViewDistanceQuality@3] File [C:/Users/1601273/Documents/GitHub/mainP/Saved/Config/Windows/Scalability.ini]
[2019.11.29-01.28.27:192][  0]LogConfig: Setting CVar [[r.SkeletalMeshLODBias:0]]
[2019.11.29-01.28.27:192][  0]LogConfig: Setting CVar [[r.ViewDistanceScale:1.0]]
[2019.11.29-01.28.27:192][  0]LogConfig: Applying CVar settings from Section [AntiAliasingQuality@3] File [C:/Users/1601273/Documents/GitHub/mainP/Saved/Config/Windows/Scalability.ini]
[2019.11.29-01.28.27:192][  0]LogConfig: Setting CVar [[r.PostProcessAAQuality:4]]
[2019.11.29-01.28.27:192][  0]LogConfig: Applying CVar settings from Section [ShadowQuality@3] File [C:/Users/1601273/Documents/GitHub/mainP/Saved/Config/Windows/Scalability.ini]
[2019.11.29-01.28.27:192][  0]LogConfig: Setting CVar [[r.LightFunctionQuality:1]]
[2019.11.29-01.28.27:192][  0]LogConfig: Setting CVar [[r.ShadowQuality:5]]
[2019.11.29-01.28.27:192][  0]LogConfig: Setting CVar [[r.Shadow.CSM.MaxCascades:10]]
[2019.11.29-01.28.27:192][  0]LogConfig: Setting CVar [[r.Shadow.MaxResolution:2048]]
[2019.11.29-01.28.27:192][  0]LogConfig: Setting CVar [[r.Shadow.MaxCSMResolution:2048]]
[2019.11.29-01.28.27:192][  0]LogConfig: Setting CVar [[r.Shadow.RadiusThreshold:0.01]]
[2019.11.29-01.28.27:192][  0]LogConfig: Setting CVar [[r.Shadow.DistanceScale:1.0]]
[2019.11.29-01.28.27:192][  0]LogConfig: Setting CVar [[r.Shadow.CSM.TransitionScale:1.0]]
[2019.11.29-01.28.27:192][  0]LogConfig: Setting CVar [[r.Shadow.PreShadowResolutionFactor:1.0]]
[2019.11.29-01.28.27:192][  0]LogConfig: Setting CVar [[r.DistanceFieldShadowing:1]]
[2019.11.29-01.28.27:192][  0]LogConfig: Setting CVar [[r.DistanceFieldAO:1]]
[2019.11.29-01.28.27:192][  0]LogConfig: Setting CVar [[r.AOQuality:2]]
[2019.11.29-01.28.27:192][  0]LogConfig: Setting CVar [[r.VolumetricFog:1]]
[2019.11.29-01.28.27:192][  0]LogConfig: Setting CVar [[r.VolumetricFog.GridPixelSize:8]]
[2019.11.29-01.28.27:192][  0]LogConfig: Setting CVar [[r.VolumetricFog.GridSizeZ:128]]
[2019.11.29-01.28.27:192][  0]LogConfig: Setting CVar [[r.VolumetricFog.HistoryMissSupersampleCount:4]]
[2019.11.29-01.28.27:192][  0]LogConfig: Setting CVar [[r.LightMaxDrawDistanceScale:1]]
[2019.11.29-01.28.27:192][  0]LogConfig: Setting CVar [[r.CapsuleShadows:1]]
[2019.11.29-01.28.27:192][  0]LogConfig: Applying CVar settings from Section [PostProcessQuality@3] File [C:/Users/1601273/Documents/GitHub/mainP/Saved/Config/Windows/Scalability.ini]
[2019.11.29-01.28.27:192][  0]LogConfig: Setting CVar [[r.MotionBlurQuality:4]]
[2019.11.29-01.28.27:192][  0]LogConfig: Setting CVar [[r.AmbientOcclusionMipLevelFactor:0.4]]
[2019.11.29-01.28.27:192][  0]LogConfig: Setting CVar [[r.AmbientOcclusionMaxQuality:100]]
[2019.11.29-01.28.27:192][  0]LogConfig: Setting CVar [[r.AmbientOcclusionLevels:-1]]
[2019.11.29-01.28.27:192][  0]LogConfig: Setting CVar [[r.AmbientOcclusionRadiusScale:1.0]]
[2019.11.29-01.28.27:192][  0]LogConfig: Setting CVar [[r.DepthOfFieldQuality:2]]
[2019.11.29-01.28.27:192][  0]LogConfig: Setting CVar [[r.RenderTargetPoolMin:400]]
[2019.11.29-01.28.27:192][  0]LogConfig: Setting CVar [[r.LensFlareQuality:2]]
[2019.11.29-01.28.27:192][  0]LogConfig: Setting CVar [[r.SceneColorFringeQuality:1]]
[2019.11.29-01.28.27:192][  0]LogConfig: Setting CVar [[r.EyeAdaptationQuality:2]]
[2019.11.29-01.28.27:192][  0]LogConfig: Setting CVar [[r.BloomQuality:5]]
[2019.11.29-01.28.27:192][  0]LogConfig: Setting CVar [[r.FastBlurThreshold:100]]
[2019.11.29-01.28.27:192][  0]LogConfig: Setting CVar [[r.Upscale.Quality:3]]
[2019.11.29-01.28.27:192][  0]LogConfig: Setting CVar [[r.Tonemapper.GrainQuantization:1]]
[2019.11.29-01.28.27:192][  0]LogConfig: Setting CVar [[r.LightShaftQuality:1]]
[2019.11.29-01.28.27:192][  0]LogConfig: Setting CVar [[r.Filter.SizeScale:1]]
[2019.11.29-01.28.27:192][  0]LogConfig: Setting CVar [[r.Tonemapper.Quality:5]]
[2019.11.29-01.28.27:192][  0]LogConfig: Setting CVar [[r.DOF.Gather.AccumulatorQuality:1        ; higher gathering accumulator quality]]
[2019.11.29-01.28.27:192][  0]LogConfig: Setting CVar [[r.DOF.Gather.PostfilterMethod:1          ; Median3x3 postfilering method]]
[2019.11.29-01.28.27:192][  0]LogConfig: Setting CVar [[r.DOF.Gather.EnableBokehSettings:0       ; no bokeh simulation when gathering]]
[2019.11.29-01.28.27:192][  0]LogConfig: Setting CVar [[r.DOF.Gather.RingCount:4                 ; medium number of samples when gathering]]
[2019.11.29-01.28.27:192][  0]LogConfig: Setting CVar [[r.DOF.Scatter.ForegroundCompositing:1    ; additive foreground scattering]]
[2019.11.29-01.28.27:192][  0]LogConfig: Setting CVar [[r.DOF.Scatter.BackgroundCompositing:2    ; additive background scattering]]
[2019.11.29-01.28.27:192][  0]LogConfig: Setting CVar [[r.DOF.Scatter.EnableBokehSettings:1      ; bokeh simulation when scattering]]
[2019.11.29-01.28.27:192][  0]LogConfig: Setting CVar [[r.DOF.Scatter.MaxSpriteRatio:0.1         ; only a maximum of 10% of scattered bokeh]]
[2019.11.29-01.28.27:192][  0]LogConfig: Setting CVar [[r.DOF.Recombine.Quality:1                ; cheap slight out of focus]]
[2019.11.29-01.28.27:192][  0]LogConfig: Setting CVar [[r.DOF.Recombine.EnableBokehSettings:0    ; no bokeh simulation on slight out of focus]]
[2019.11.29-01.28.27:192][  0]LogConfig: Setting CVar [[r.DOF.TemporalAAQuality:1                ; more stable temporal accumulation]]
[2019.11.29-01.28.27:192][  0]LogConfig: Setting CVar [[r.DOF.Kernel.MaxForegroundRadius:0.025]]
[2019.11.29-01.28.27:192][  0]LogConfig: Setting CVar [[r.DOF.Kernel.MaxBackgroundRadius:0.025]]
[2019.11.29-01.28.27:192][  0]LogConfig: Applying CVar settings from Section [TextureQuality@3] File [C:/Users/1601273/Documents/GitHub/mainP/Saved/Config/Windows/Scalability.ini]
[2019.11.29-01.28.27:192][  0]LogConfig: Setting CVar [[r.Streaming.MipBias:0]]
[2019.11.29-01.28.27:192][  0]LogConfig: Setting CVar [[r.Streaming.AmortizeCPUToGPUCopy:0]]
[2019.11.29-01.28.27:192][  0]LogConfig: Setting CVar [[r.Streaming.MaxNumTexturesToStreamPerFrame:0]]
[2019.11.29-01.28.27:192][  0]LogConfig: Setting CVar [[r.Streaming.Boost:1]]
[2019.11.29-01.28.27:192][  0]LogConfig: Setting CVar [[r.MaxAnisotropy:8]]
[2019.11.29-01.28.27:192][  0]LogConfig: Setting CVar [[r.Streaming.LimitPoolSizeToVRAM:0]]
[2019.11.29-01.28.27:192][  0]LogConfig: Setting CVar [[r.Streaming.PoolSize:1000]]
[2019.11.29-01.28.27:193][  0]LogConfig: Setting CVar [[r.Streaming.MaxEffectiveScreenSize:0]]
[2019.11.29-01.28.27:193][  0]LogConfig: Applying CVar settings from Section [EffectsQuality@3] File [C:/Users/1601273/Documents/GitHub/mainP/Saved/Config/Windows/Scalability.ini]
[2019.11.29-01.28.27:193][  0]LogConfig: Setting CVar [[r.TranslucencyLightingVolumeDim:64]]
[2019.11.29-01.28.27:193][  0]LogConfig: Setting CVar [[r.RefractionQuality:2]]
[2019.11.29-01.28.27:193][  0]LogConfig: Setting CVar [[r.SSR.Quality:3]]
[2019.11.29-01.28.27:193][  0]LogConfig: Setting CVar [[r.SceneColorFormat:4]]
[2019.11.29-01.28.27:193][  0]LogConfig: Setting CVar [[r.DetailMode:2]]
[2019.11.29-01.28.27:193][  0]LogConfig: Setting CVar [[r.TranslucencyVolumeBlur:1]]
[2019.11.29-01.28.27:193][  0]LogConfig: Setting CVar [[r.MaterialQualityLevel:1 ; High quality]]
[2019.11.29-01.28.27:193][  0]LogConfig: Setting CVar [[r.SSS.Scale:1]]
[2019.11.29-01.28.27:193][  0]LogConfig: Setting CVar [[r.SSS.SampleSet:2]]
[2019.11.29-01.28.27:193][  0]LogConfig: Setting CVar [[r.SSS.Quality:1]]
[2019.11.29-01.28.27:193][  0]LogConfig: Setting CVar [[r.SSS.HalfRes:1]]
[2019.11.29-01.28.27:193][  0]LogConfig: Setting CVar [[r.EmitterSpawnRateScale:1.0]]
[2019.11.29-01.28.27:193][  0]LogConfig: Setting CVar [[r.ParticleLightQuality:2]]
[2019.11.29-01.28.27:193][  0]LogConfig: Applying CVar settings from Section [FoliageQuality@3] File [C:/Users/1601273/Documents/GitHub/mainP/Saved/Config/Windows/Scalability.ini]
[2019.11.29-01.28.27:193][  0]LogConfig: Setting CVar [[foliage.DensityScale:1.0]]
[2019.11.29-01.28.27:193][  0]LogConfig: Setting CVar [[grass.DensityScale:1.0]]
[2019.11.29-01.28.27:193][  0]LogConfig: Applying CVar settings from Section [Startup] File [../../../Engine/Config/ConsoleVariables.ini]
[2019.11.29-01.28.27:193][  0]LogConfig: Setting CVar [[net.UseAdaptiveNetUpdateFrequency:0]]
[2019.11.29-01.28.27:193][  0]LogConfig: Setting CVar [[p.chaos.AllowCreatePhysxBodies:1]]
[2019.11.29-01.28.27:193][  0]LogConfig: Applying CVar settings from Section [ConsoleVariables] File [C:/Users/1601273/Documents/GitHub/mainP/Saved/Config/Windows/Engine.ini]
[2019.11.29-01.28.27:194][  0]LogInit: Computer: PC634X13
[2019.11.29-01.28.27:194][  0]LogInit: User: 1601273
[2019.11.29-01.28.27:194][  0]LogInit: CPU Page size=4096, Cores=4
[2019.11.29-01.28.27:194][  0]LogInit: High frequency timer resolution =2.742190 MHz
[2019.11.29-01.28.27:194][  0]LogMemory: Memory total: Physical=7.9GB (8GB approx)
[2019.11.29-01.28.27:194][  0]LogMemory: Platform Memory Stats for Windows
[2019.11.29-01.28.27:194][  0]LogMemory: Process Physical Memory: 97.40 MB used, 97.40 MB peak
[2019.11.29-01.28.27:194][  0]LogMemory: Process Virtual Memory: 89.06 MB used, 89.06 MB peak
[2019.11.29-01.28.27:194][  0]LogMemory: Physical Memory: 4788.23 MB used,  3283.11 MB free, 8071.35 MB total
[2019.11.29-01.28.27:194][  0]LogMemory: Virtual Memory: 558.04 MB used,  134217168.00 MB free, 134217728.00 MB total
[2019.11.29-01.28.27:225][  0]LogInit: Using OS detected language (ja-JP).
[2019.11.29-01.28.27:225][  0]LogInit: Using OS detected locale (ja-JP).
[2019.11.29-01.28.27:226][  0]LogTextLocalizationManager: No specific localization for 'ja-JP' exists, so the 'ja' localization will be used.
[2019.11.29-01.28.27:312][  0]LogInit: Setting process to per monitor DPI aware
[2019.11.29-01.28.27:366][  0]LogSlate: New Slate User Created.  User Index 0, Is Virtual User: 0
[2019.11.29-01.28.27:366][  0]LogSlate: Slate User Registered.  User Index 0, Is Virtual User: 0
[2019.11.29-01.28.27:725][  0]LogHMD: Failed to initialize OpenVR with code 110
[2019.11.29-01.28.27:725][  0]LogD3D11RHI: D3D11 adapters:
[2019.11.29-01.28.27:789][  0]LogD3D11RHI:    0. 'NVIDIA GeForce GTX 1060' (Feature Level 11_0)
[2019.11.29-01.28.27:789][  0]LogD3D11RHI:       3019/0/4035 MB DedicatedVideo/DedicatedSystem/SharedSystem, Outputs:1, VendorId:0x10de
[2019.11.29-01.28.27:811][  0]LogD3D11RHI:    1. 'Intel(R) HD Graphics 630' (Feature Level 11_0)
[2019.11.29-01.28.27:811][  0]LogD3D11RHI:       128/0/4035 MB DedicatedVideo/DedicatedSystem/SharedSystem, Outputs:0, VendorId:0x8086
[2019.11.29-01.28.27:814][  0]LogD3D11RHI:    2. 'Microsoft Basic Render Driver' (Feature Level 11_0)
[2019.11.29-01.28.27:814][  0]LogD3D11RHI:       0/0/4035 MB DedicatedVideo/DedicatedSystem/SharedSystem, Outputs:0, VendorId:0x1414
[2019.11.29-01.28.27:814][  0]LogD3D11RHI: Chosen D3D11 Adapter: 0
[2019.11.29-01.28.27:820][  0]LogD3D11RHI: Creating new Direct3DDevice
[2019.11.29-01.28.27:820][  0]LogD3D11RHI:     GPU DeviceId: 0x1c20 (for the marketing name, search the web for "GPU Device Id")
[2019.11.29-01.28.27:820][  0]LogWindows: EnumDisplayDevices:
[2019.11.29-01.28.27:820][  0]LogWindows:    0. 'Intel(R) HD Graphics 630' (P:1 D:1)
[2019.11.29-01.28.27:820][  0]LogWindows:    1. 'Intel(R) HD Graphics 630' (P:0 D:0)
[2019.11.29-01.28.27:820][  0]LogWindows:    2. 'Intel(R) HD Graphics 630' (P:0 D:0)
[2019.11.29-01.28.27:821][  0]LogWindows:    3. 'NVIDIA GeForce GTX 1060' (P:0 D:0)
[2019.11.29-01.28.27:821][  0]LogWindows:    4. 'NVIDIA GeForce GTX 1060' (P:0 D:0)
[2019.11.29-01.28.27:821][  0]LogWindows:    5. 'NVIDIA GeForce GTX 1060' (P:0 D:0)
[2019.11.29-01.28.27:821][  0]LogWindows:    6. 'NVIDIA GeForce GTX 1060' (P:0 D:0)
[2019.11.29-01.28.27:821][  0]LogWindows: DebugString: PrimaryIsNotTheChoosenAdapter PrimaryIsNotTheChoosenAdapter PrimaryIsNotTheChoosenAdapter FoundDriverCount:4 
[2019.11.29-01.28.27:821][  0]LogD3D11RHI:     Adapter Name: NVIDIA GeForce GTX 1060
[2019.11.29-01.28.27:821][  0]LogD3D11RHI:   Driver Version: 382.05 (internal:22.21.13.8205, unified:382.05)
[2019.11.29-01.28.27:821][  0]LogD3D11RHI:      Driver Date: 5-1-2017
[2019.11.29-01.28.27:821][  0]LogRHI: Texture pool is 2113 MB (70% of 3019 MB)
[2019.11.29-01.28.27:854][  0]LogD3D11RHI: Async texture creation enabled
[2019.11.29-01.28.27:860][  0]LogRendererCore: FGlobalReadBuffer::InitRHI
[2019.11.29-01.28.27:860][  0]LogRendererCore: FGlobalReadBuffer::InitRHI
[2019.11.29-01.28.27:860][  0]LogRendererCore: FGlobalReadBuffer::InitRHI
[2019.11.29-01.28.27:870][  0]LogD3D11RHI: GPU Timing Frequency: 1000.000000 (Debug: 2 1)
[2019.11.29-01.28.28:274][  0]LogTemp: Display: Module 'AllDesktopTargetPlatform' loaded TargetPlatform 'AllDesktop'
[2019.11.29-01.28.28:288][  0]LogTemp: Display: Module 'MacClientTargetPlatform' loaded TargetPlatform 'MacClient'
[2019.11.29-01.28.28:302][  0]LogTemp: Display: Module 'MacNoEditorTargetPlatform' loaded TargetPlatform 'MacNoEditor'
[2019.11.29-01.28.28:317][  0]LogTemp: Display: Module 'MacServerTargetPlatform' loaded TargetPlatform 'MacServer'
[2019.11.29-01.28.28:333][  0]LogTemp: Display: Module 'MacTargetPlatform' loaded TargetPlatform 'Mac'
[2019.11.29-01.28.28:348][  0]LogTemp: Display: Module 'WindowsClientTargetPlatform' loaded TargetPlatform 'WindowsClient'
[2019.11.29-01.28.28:366][  0]LogTemp: Display: Module 'WindowsNoEditorTargetPlatform' loaded TargetPlatform 'WindowsNoEditor'
[2019.11.29-01.28.28:385][  0]LogTemp: Display: Module 'WindowsServerTargetPlatform' loaded TargetPlatform 'WindowsServer'
[2019.11.29-01.28.28:393][  0]LogTemp: Display: Module 'WindowsTargetPlatform' loaded TargetPlatform 'Windows'
[2019.11.29-01.28.28:492][  0]LogTemp: Display: Module 'AndroidTargetPlatform' loaded TargetPlatform 'Android'
[2019.11.29-01.28.28:492][  0]LogTemp: Display: Module 'AndroidTargetPlatform' loaded TargetPlatform 'Android_ASTC'
[2019.11.29-01.28.28:492][  0]LogTemp: Display: Module 'AndroidTargetPlatform' loaded TargetPlatform 'Android_ATC'
[2019.11.29-01.28.28:492][  0]LogTemp: Display: Module 'AndroidTargetPlatform' loaded TargetPlatform 'Android_DXT'
[2019.11.29-01.28.28:492][  0]LogTemp: Display: Module 'AndroidTargetPlatform' loaded TargetPlatform 'Android_ETC1'
[2019.11.29-01.28.28:492][  0]LogTemp: Display: Module 'AndroidTargetPlatform' loaded TargetPlatform 'Android_ETC1a'
[2019.11.29-01.28.28:492][  0]LogTemp: Display: Module 'AndroidTargetPlatform' loaded TargetPlatform 'Android_ETC2'
[2019.11.29-01.28.28:492][  0]LogTemp: Display: Module 'AndroidTargetPlatform' loaded TargetPlatform 'Android_PVRTC'
[2019.11.29-01.28.28:492][  0]LogTemp: Display: Module 'AndroidTargetPlatform' loaded TargetPlatform 'AndroidClient'
[2019.11.29-01.28.28:492][  0]LogTemp: Display: Module 'AndroidTargetPlatform' loaded TargetPlatform 'Android_ASTCClient'
[2019.11.29-01.28.28:492][  0]LogTemp: Display: Module 'AndroidTargetPlatform' loaded TargetPlatform 'Android_ATCClient'
[2019.11.29-01.28.28:492][  0]LogTemp: Display: Module 'AndroidTargetPlatform' loaded TargetPlatform 'Android_DXTClient'
[2019.11.29-01.28.28:492][  0]LogTemp: Display: Module 'AndroidTargetPlatform' loaded TargetPlatform 'Android_ETC1Client'
[2019.11.29-01.28.28:492][  0]LogTemp: Display: Module 'AndroidTargetPlatform' loaded TargetPlatform 'Android_ETC1aClient'
[2019.11.29-01.28.28:492][  0]LogTemp: Display: Module 'AndroidTargetPlatform' loaded TargetPlatform 'Android_ETC2Client'
[2019.11.29-01.28.28:492][  0]LogTemp: Display: Module 'AndroidTargetPlatform' loaded TargetPlatform 'Android_PVRTCClient'
[2019.11.29-01.28.28:493][  0]LogTemp: Display: Module 'AndroidTargetPlatform' loaded TargetPlatform 'Android_Multi'
[2019.11.29-01.28.28:493][  0]LogTemp: Display: Module 'AndroidTargetPlatform' loaded TargetPlatform 'Android_MultiClient'
[2019.11.29-01.28.28:495][  0]LogTemp: Display: Module 'HTML5TargetPlatform' loaded TargetPlatform 'HTML5'
[2019.11.29-01.28.28:546][  0]LogTemp: Display: Module 'IOSTargetPlatform' loaded TargetPlatform 'IOSClient'
[2019.11.29-01.28.28:546][  0]LogTemp: Display: Module 'IOSTargetPlatform' loaded TargetPlatform 'IOS'
[2019.11.29-01.28.28:575][  0]LogTemp: Display: Module 'TVOSTargetPlatform' loaded TargetPlatform 'TVOSClient'
[2019.11.29-01.28.28:575][  0]LogTemp: Display: Module 'TVOSTargetPlatform' loaded TargetPlatform 'TVOS'
[2019.11.29-01.28.28:592][  0]LogTemp: Display: Module 'LinuxClientTargetPlatform' loaded TargetPlatform 'LinuxClient'
[2019.11.29-01.28.28:607][  0]LogTemp: Display: Module 'LinuxNoEditorTargetPlatform' loaded TargetPlatform 'LinuxNoEditor'
[2019.11.29-01.28.28:623][  0]LogTemp: Display: Module 'LinuxServerTargetPlatform' loaded TargetPlatform 'LinuxServer'
[2019.11.29-01.28.28:641][  0]LogTemp: Display: Module 'LinuxTargetPlatform' loaded TargetPlatform 'Linux'
[2019.11.29-01.28.28:698][  0]LogTemp: Display: Module 'LuminTargetPlatform' loaded TargetPlatform 'Lumin'
[2019.11.29-01.28.28:698][  0]LogTemp: Display: Module 'LuminTargetPlatform' loaded TargetPlatform 'LuminClient'
[2019.11.29-01.28.28:698][  0]LogTargetPlatformManager: Display: Building Assets For Windows
[2019.11.29-01.28.28:707][  0]LogAudioDebug: Display: Lib vorbis DLL was dynamically loaded.
[2019.11.29-01.28.28:754][  0]LogShaderCompilers: Guid format shader working directory is 9 characters bigger than the processId version (C:/Users/1601273/Documents/GitHub/mainP/Intermediate/Shaders/WorkingDirectory/7832/).
[2019.11.29-01.28.28:754][  0]LogShaderCompilers: Cleaned the shader compiler working directory 'C:/Users/1601273/AppData/Local/Temp/UnrealShaderWorkingDir/A76D184D468F8B993EE007BE92627F34/'.
[2019.11.29-01.28.28:755][  0]LogXGEController: Cannot use XGE Controller as Incredibuild is not installed on this machine.
[2019.11.29-01.28.28:755][  0]LogShaderCompilers: Cannot use XGE Shader Compiler as Incredibuild is not installed on this machine.
[2019.11.29-01.28.28:755][  0]LogShaderCompilers: Display: Using Local Shader Compiler.
[2019.11.29-01.28.29:386][  0]LogDerivedDataCache: Display: Max Cache Size: 512 MB
[2019.11.29-01.28.29:448][  0]LogDerivedDataCache: Loaded boot cache 0.06s 71MB C:/Users/1601273/AppData/Local/UnrealEngine/4.22/DerivedDataCache/Boot.ddc.
[2019.11.29-01.28.29:449][  0]LogDerivedDataCache: Display: Loaded Boot cache: C:/Users/1601273/AppData/Local/UnrealEngine/4.22/DerivedDataCache/Boot.ddc
[2019.11.29-01.28.29:449][  0]LogDerivedDataCache: FDerivedDataBackendGraph:  Pak pak cache file C:/Users/1601273/Documents/GitHub/mainP/DerivedDataCache/DDC.ddp not found, will not use a pak cache.
[2019.11.29-01.28.29:449][  0]LogDerivedDataCache: Unable to find inner node Pak for hierarchical cache Hierarchy.
[2019.11.29-01.28.29:449][  0]LogDerivedDataCache: FDerivedDataBackendGraph:  CompressedPak pak cache file C:/Users/1601273/Documents/GitHub/mainP/DerivedDataCache/Compressed.ddp not found, will not use a pak cache.
[2019.11.29-01.28.29:449][  0]LogDerivedDataCache: Unable to find inner node CompressedPak for hierarchical cache Hierarchy.
[2019.11.29-01.28.29:464][  0]LogDerivedDataCache: Display: Pak cache opened for reading ../../../Engine/DerivedDataCache/Compressed.ddp.
[2019.11.29-01.28.29:465][  0]LogDerivedDataCache: FDerivedDataBackendGraph:  EnterprisePak pak cache file ../../../Enterprise/DerivedDataCache/Compressed.ddp not found, will not use a pak cache.
[2019.11.29-01.28.29:465][  0]LogDerivedDataCache: Unable to find inner node EnterprisePak for hierarchical cache Hierarchy.
[2019.11.29-01.28.29:477][  0]LogDerivedDataCache: Using Local data cache path C:/Users/1601273/AppData/Local/UnrealEngine/Common/DerivedDataCache: Writable
[2019.11.29-01.28.29:477][  0]LogDerivedDataCache: Shared data cache path not found in *engine.ini, will not use an Shared cache.
[2019.11.29-01.28.29:477][  0]LogDerivedDataCache: Unable to find inner node Shared for hierarchical cache Hierarchy.
[2019.11.29-01.28.29:504][  0]LogMaterial: Verifying Global Shaders for PCD3D_SM5
[2019.11.29-01.28.29:505][  0]LogSlate: Using FreeType 2.6.0
[2019.11.29-01.28.29:507][  0]LogSlate: SlateFontServices - WITH_FREETYPE: 1, WITH_HARFBUZZ: 1
[2019.11.29-01.28.29:635][  0]LogAssetRegistry: FAssetRegistry took 0.0350 seconds to start up
[2019.11.29-01.28.30:033][  0]LogInit: Selected Device Profile: [Windows]
[2019.11.29-01.28.30:092][  0]LogMeshReduction: Using QuadricMeshReduction for automatic static mesh reduction
[2019.11.29-01.28.30:092][  0]LogMeshReduction: Using SimplygonMeshReduction for automatic skeletal mesh reduction
[2019.11.29-01.28.30:092][  0]LogMeshReduction: Using ProxyLODMeshReduction for automatic mesh merging
[2019.11.29-01.28.30:092][  0]LogMeshReduction: No distributed automatic mesh merging module available
[2019.11.29-01.28.30:092][  0]LogMeshMerging: No distributed automatic mesh merging module available
[2019.11.29-01.28.30:197][  0]LogNetVersion: mainP 1.0.0, NetCL: 5660361, EngineNetVer: 10, GameNetVer: 0 (Checksum: 362864102)
[2019.11.29-01.28.30:680][  0]LogPackageLocalizationCache: Processed 10 localized package path(s) for 1 prioritized culture(s) in 0.057134 seconds
[2019.11.29-01.28.30:687][  0]LogUObjectArray: 42205 objects as part of root set at end of initial load.
[2019.11.29-01.28.30:687][  0]LogUObjectAllocator: 7325032 out of 0 bytes used by permanent object pool.
[2019.11.29-01.28.30:687][  0]LogUObjectArray: CloseDisregardForGC: 0/0 objects in disregard for GC pool
[2019.11.29-01.28.32:306][  0]LogTcpMessaging: Initializing TcpMessaging bridge
[2019.11.29-01.28.32:320][  0]LogUdpMessaging: Initializing bridge on interface 0.0.0.0:0 to multicast group 230.0.0.1:6666.
[2019.11.29-01.28.32:464][  0]SourceControl: ソースコントロールは無効です
[2019.11.29-01.28.32:464][  0]SourceControl: ソースコントロールは無効です
[2019.11.29-01.28.32:468][  0]SourceControl: ソースコントロールは無効です
[2019.11.29-01.28.32:469][  0]SourceControl: ソースコントロールは無効です
[2019.11.29-01.28.32:617][  0]LogAndroidPermission: UAndroidPermissionCallbackProxy::GetInstance
[2019.11.29-01.28.32:723][  0]LogOcInput: OculusInput pre-init called
[2019.11.29-01.28.33:813][  0]LogEngine: Initializing Engine...
[2019.11.29-01.28.33:814][  0]LogHMD: Failed to initialize OpenVR with code 110
[2019.11.29-01.28.33:815][  0]LogStats: UGameplayTagsManager::InitializeManager -  0.000 s
[2019.11.29-01.28.34:114][  0]LogInit: Initializing FReadOnlyCVARCache
[2019.11.29-01.28.34:136][  0]LogAIModule: Creating AISystem for world Untitled
[2019.11.29-01.28.34:146][  0]LogInit: XAudio2 using 'スピーカー (Realtek High Definition Audio)' : 2 channels at 48 kHz using 32 bits per sample (channel mask 0x3)
[2019.11.29-01.28.34:228][  0]LogInit: FAudioDevice initialized.
[2019.11.29-01.28.34:228][  0]LogNetVersion: Set ProjectVersion to 1.0.0.0. Version Checksum will be recalculated on next use.
[2019.11.29-01.28.34:325][  0]LogDerivedDataCache: Saved boot cache 0.10s 71MB C:/Users/1601273/AppData/Local/UnrealEngine/4.22/DerivedDataCache/Boot.ddc.
[2019.11.29-01.28.34:333][  0]LogInit: Texture streaming: Enabled
[2019.11.29-01.28.34:348][  0]LogEngineSessionManager: EngineSessionManager initialized
[2019.11.29-01.28.34:368][  0]LogInit: Transaction tracking system initialized
[2019.11.29-01.28.34:389][  0]BlueprintLog: New page: エディタの読み込み
[2019.11.29-01.28.34:473][  0]LocalizationService: ローカライズのサービスが無効になりました
[2019.11.29-01.28.34:836][  0]LogCook: Display: Max memory allowance for cook 16384mb min free memory 0mb
[2019.11.29-01.28.34:836][  0]LogCook: Display: Mobile HDR setting 1
[2019.11.29-01.28.35:050][  0]LogFileCache: Scanning file cache for directory 'C:/Users/1601273/Documents/GitHub/mainP/Content/' took 0.03s
[2019.11.29-01.28.35:050][  0]SourceControl: ソースコントロールは無効です
[2019.11.29-01.28.35:050][  0]Cmd: MAP LOAD FILE="C:/Users/1601273/Documents/GitHub/mainP/Content/TwinStickBP/Maps/TwinStickExampleMap.umap" TEMPLATE=0 SHOWPROGRESS=1 FEATURELEVEL=3
[2019.11.29-01.28.35:051][  0]LightingResults: New page: ライティングのビルド
[2019.11.29-01.28.35:053][  0]MapCheck: New page: マップをチェック
[2019.11.29-01.28.35:053][  0]LightingResults: New page: ライティングのビルド
[2019.11.29-01.28.35:081][  0]LogUObjectHash: Compacting FUObjectHashTables data took   1.43ms
[2019.11.29-01.28.35:609][  0]LogAIModule: Creating AISystem for world TwinStickExampleMap
[2019.11.29-01.28.35:619][  0]LogEditorServer: Finished looking for orphan Actors (0.000 secs)
[2019.11.29-01.28.35:651][  0]LogUObjectHash: Compacting FUObjectHashTables data took   2.29ms
[2019.11.29-01.28.35:651][  0]Cmd: MAP CHECKDEP NOCLEARLOG
[2019.11.29-01.28.35:652][  0]MapCheck: マップチェックが完了: 0 エラー、 0 警告、完了に 0.355ミリ秒かかりました。
[2019.11.29-01.28.35:652][  0]LogFileHelpers: Loading map 'TwinStickExampleMap' took 0.601
[2019.11.29-01.28.35:737][  0]LogWindowsTextInputMethodSystem: Display: IME system now activated using TSF (Microsoft IME).
[2019.11.29-01.28.35:795][  0]LogSlate: Updating window title bar state: overlay mode, drag disabled, window buttons hidden, title bar hidden
[2019.11.29-01.28.35:804][  0]LogSlate: Updating window title bar state: overlay mode, drag disabled, window buttons hidden, title bar hidden
[2019.11.29-01.28.35:812][  0]LogSlate: Updating window title bar state: overlay mode, drag disabled, window buttons hidden, title bar hidden
[2019.11.29-01.28.35:826][  0]LogSlate: Updating window title bar state: overlay mode, drag disabled, window buttons hidden, title bar hidden
[2019.11.29-01.28.35:832][  0]LogCollectionManager: Loaded 0 collections in 0.000914 seconds
[2019.11.29-01.28.35:847][  0]LogFileCache: Scanning file cache for directory 'C:/Users/1601273/Documents/GitHub/mainP/Saved/Collections/' took 0.01s
[2019.11.29-01.28.35:847][  0]LogFileCache: Scanning file cache for directory 'C:/Users/1601273/Documents/GitHub/mainP/Content/Developers/1601273/Collections/' took 0.00s
[2019.11.29-01.28.35:847][  0]LogFileCache: Scanning file cache for directory 'C:/Users/1601273/Documents/GitHub/mainP/Content/Collections/' took 0.00s
[2019.11.29-01.28.35:847][  0]LogCollectionManager: Rebuilt the GUID cache for 0 collections in 0.000000 seconds
[2019.11.29-01.28.35:859][  0]LogContentBrowser: Native class hierarchy populated in 0.0112 seconds. Added 2732 classes and 659 folders.
[2019.11.29-01.28.35:864][  0]LogContentBrowser: Native class hierarchy updated for 'WidgetCarousel' in 0.0003 seconds. Added 0 classes and 0 folders.
[2019.11.29-01.28.35:867][  0]LogPakFile: Registered encryption key '00000000000000000000000000000000': 0 pak files mounted, 0 remain pending
[2019.11.29-01.28.35:868][  0]LogPakFile: Registered encryption key '00000000000000000000000000000000': 0 pak files mounted, 0 remain pending
[2019.11.29-01.28.35:869][  0]LogPakFile: Registered encryption key '00000000000000000000000000000000': 0 pak files mounted, 0 remain pending
[2019.11.29-01.28.35:869][  0]LogPakFile: Registered encryption key '00000000000000000000000000000000': 0 pak files mounted, 0 remain pending
[2019.11.29-01.28.35:870][  0]LogPakFile: Registered encryption key '00000000000000000000000000000000': 0 pak files mounted, 0 remain pending
[2019.11.29-01.28.35:870][  0]LogPakFile: Registered encryption key '00000000000000000000000000000000': 0 pak files mounted, 0 remain pending
[2019.11.29-01.28.35:871][  0]LogPakFile: Registered encryption key '00000000000000000000000000000000': 0 pak files mounted, 0 remain pending
[2019.11.29-01.28.35:872][  0]LogPakFile: Registered encryption key '00000000000000000000000000000000': 0 pak files mounted, 0 remain pending
[2019.11.29-01.28.35:872][  0]LogPakFile: Registered encryption key '00000000000000000000000000000000': 0 pak files mounted, 0 remain pending
[2019.11.29-01.28.35:873][  0]LogPakFile: Registered encryption key '00000000000000000000000000000000': 0 pak files mounted, 0 remain pending
[2019.11.29-01.28.35:873][  0]LogPakFile: Registered encryption key '00000000000000000000000000000000': 0 pak files mounted, 0 remain pending
[2019.11.29-01.28.35:874][  0]LogPakFile: Registered encryption key '00000000000000000000000000000000': 0 pak files mounted, 0 remain pending
[2019.11.29-01.28.35:874][  0]LogPakFile: Registered encryption key '00000000000000000000000000000000': 0 pak files mounted, 0 remain pending
[2019.11.29-01.28.35:875][  0]LogPakFile: Registered encryption key '00000000000000000000000000000000': 0 pak files mounted, 0 remain pending
[2019.11.29-01.28.35:875][  0]LogPakFile: Registered encryption key '00000000000000000000000000000000': 0 pak files mounted, 0 remain pending
[2019.11.29-01.28.35:876][  0]LogPakFile: Registered encryption key '00000000000000000000000000000000': 0 pak files mounted, 0 remain pending
[2019.11.29-01.28.35:876][  0]LogPakFile: Registered encryption key '00000000000000000000000000000000': 0 pak files mounted, 0 remain pending
[2019.11.29-01.28.35:877][  0]LogPakFile: Registered encryption key '00000000000000000000000000000000': 0 pak files mounted, 0 remain pending
[2019.11.29-01.28.35:877][  0]LogPakFile: Registered encryption key '00000000000000000000000000000000': 0 pak files mounted, 0 remain pending
[2019.11.29-01.28.35:878][  0]LogPakFile: Registered encryption key '00000000000000000000000000000000': 0 pak files mounted, 0 remain pending
[2019.11.29-01.28.35:878][  0]LogPakFile: Registered encryption key '00000000000000000000000000000000': 0 pak files mounted, 0 remain pending
[2019.11.29-01.28.35:880][  0]LogPakFile: Registered encryption key '00000000000000000000000000000000': 0 pak files mounted, 0 remain pending
[2019.11.29-01.28.35:880][  0]LogPakFile: Registered encryption key '00000000000000000000000000000000': 0 pak files mounted, 0 remain pending
[2019.11.29-01.28.35:881][  0]LogPakFile: Registered encryption key '00000000000000000000000000000000': 0 pak files mounted, 0 remain pending
[2019.11.29-01.28.35:881][  0]LogPakFile: Registered encryption key '00000000000000000000000000000000': 0 pak files mounted, 0 remain pending
[2019.11.29-01.28.35:882][  0]LogPakFile: Registered encryption key '00000000000000000000000000000000': 0 pak files mounted, 0 remain pending
[2019.11.29-01.28.35:918][  0]LogContentBrowser: Native class hierarchy updated for 'AddContentDialog' in 0.0003 seconds. Added 0 classes and 0 folders.
[2019.11.29-01.28.35:923][  0]LogContentBrowser: Native class hierarchy updated for 'SceneOutliner' in 0.0004 seconds. Added 1 classes and 2 folders.
[2019.11.29-01.28.35:940][  0]LogSlate: Took 0.000512 seconds to synchronously load lazily loaded font '../../../Engine/Content/Slate/Fonts/Roboto-Regular.ttf' (155K)
[2019.11.29-01.28.35:942][  0]LogSlate: Took 0.001018 seconds to synchronously load lazily loaded font '../../../Engine/Content/Editor/Slate/Fonts/GenEiGothicPro-Regular.otf' (707K)
[2019.11.29-01.28.35:944][  0]LogSlate: Took 0.000979 seconds to synchronously load lazily loaded font '../../../Engine/Content/Editor/Slate/Fonts/GenEiGothicPro-Bold.otf' (698K)
[2019.11.29-01.28.35:944][  0]LogSlate: Took 0.000313 seconds to synchronously load lazily loaded font '../../../Engine/Content/Slate/Fonts/Roboto-Bold.ttf' (160K)
[2019.11.29-01.28.35:948][  0]LogSlate: Took 0.000389 seconds to synchronously load lazily loaded font '../../../Engine/Content/Editor/Slate/Fonts/FontAwesome.ttf' (139K)
[2019.11.29-01.28.36:021][  0]LogRenderer: Reallocating scene render targets to support 928x436 Format 10 NumSamples 1 (Frame:1).
[2019.11.29-01.28.36:197][  0]LogContentBrowser: Native class hierarchy updated for 'HierarchicalLODOutliner' in 0.0003 seconds. Added 0 classes and 0 folders.
[2019.11.29-01.28.36:197][  0]LogLoad: (Engine Initialization) Total time: 10.99 seconds
[2019.11.29-01.28.36:197][  0]LogLoad: (Engine Initialization) Total Blueprint compile time: 0.00 seconds
[2019.11.29-01.28.36:266][  0]LogAssetRegistry: Asset discovery search completed in 6.6542 seconds
[2019.11.29-01.28.36:269][  0]LogCollectionManager: Rebuilt the object cache for 0 collections in 0.000000 seconds (found 0 objects)
[2019.11.29-01.28.36:269][  0]LogCollectionManager: Fixed up redirectors for 0 collections in 0.000074 seconds (updated 0 objects)
[2019.11.29-01.28.36:270][  0]LogContentStreaming: Texture pool size now 1000 MB
[2019.11.29-01.28.36:296][  0]LogSlate: Took 0.000621 seconds to synchronously load lazily loaded font '../../../Engine/Content/Slate/Fonts/Roboto-Light.ttf' (167K)
[2019.11.29-01.28.42:224][354]LogSlate: FSceneViewport::OnFocusLost() reason 0
[2019.11.29-01.29.21:667][113]LogSlate: Took 0.000735 seconds to synchronously load lazily loaded font '../../../Engine/Content/Editor/Slate/Fonts/GenEiGothicPro-Light.otf' (713K)
[2019.11.29-01.29.21:667][113]LogSlate: Took 0.000312 seconds to synchronously load lazily loaded font '../../../Engine/Content/Slate/Fonts/Roboto-Light.ttf' (167K)
[2019.11.29-01.29.22:231][145]LogAssetEditorManager: Opening Asset editor for LevelScriptBlueprint /Game/TwinStickBP/Maps/TwinStickExampleMap.TwinStickExampleMap:PersistentLevel.TwinStickExampleMap
[2019.11.29-01.29.22:539][145]LogContentBrowser: Native class hierarchy updated for 'BlueprintGraph' in 0.0006 seconds. Added 121 classes and 0 folders.
[2019.11.29-01.29.23:349][145]LogSlate: Took 0.000612 seconds to synchronously load lazily loaded font '../../../Engine/Content/Editor/Slate/Fonts/GenEiGothicPro-SemiBold.otf' (703K)
[2019.11.29-01.29.23:349][145]LogSlate: Took 0.000486 seconds to synchronously load lazily loaded font '../../../Engine/Content/Slate/Fonts/Roboto-BoldCondensed.ttf' (158K)
[2019.11.29-01.29.51:080][639]LogSlate: Prevented a slow task dialog from being summoned while a context menu was open
[2019.11.29-01.30.04:932][447]LogSlate: Took 0.001278 seconds to synchronously load lazily loaded font '../../../Engine/Content/Slate/Fonts/Roboto-Italic.ttf' (157K)
[2019.11.29-01.30.45:405][259]BlueprintLog: New page: TwinStickExampleMap をコンパイル
[2019.11.29-01.30.45:584][259]LogUObjectHash: Compacting FUObjectHashTables data took   4.54ms
[2019.11.29-01.30.46:353][304]LogTemp: Repeating last play command: 選択ビューポート
[2019.11.29-01.30.46:369][304]LogBlueprintUserMessages: Early PlayInEditor Detection: Level '/Game/TwinStickBP/Maps/TwinStickExampleMap.TwinStickExampleMap:PersistentLevel' has LevelScriptBlueprint '/Game/TwinStickBP/Maps/TwinStickExampleMap.TwinStickExampleMap:PersistentLevel.TwinStickExampleMap' with GeneratedClass '/Game/TwinStickBP/Maps/TwinStickExampleMap.TwinStickExampleMap_C' with ClassGeneratedBy '/Game/TwinStickBP/Maps/TwinStickExampleMap.TwinStickExampleMap:PersistentLevel.TwinStickExampleMap'
[2019.11.29-01.30.46:369][304]LogPlayLevel: PlayLevel: No blueprints needed recompiling
[2019.11.29-01.30.46:370][304]PIE: New page: PIEセッション: TwinStickExampleMap (2019/11/29 19:30:46)
[2019.11.29-01.30.46:382][304]LogPlayLevel: Creating play world package: /Game/TwinStickBP/Maps/UEDPIE_0_TwinStickExampleMap
[2019.11.29-01.30.46:391][304]LogPlayLevel: PIE: StaticDuplicateObject took: (0.008098s)
[2019.11.29-01.30.46:392][304]LogAIModule: Creating AISystem for world TwinStickExampleMap
[2019.11.29-01.30.46:392][304]LogPlayLevel: PIE: World Init took: (0.001027s)
[2019.11.29-01.30.46:392][304]LogPlayLevel: PIE: Created PIE world by copying editor world from /Game/TwinStickBP/Maps/TwinStickExampleMap.TwinStickExampleMap to /Game/TwinStickBP/Maps/UEDPIE_0_TwinStickExampleMap.TwinStickExampleMap (0.010032s)
[2019.11.29-01.30.46:430][304]LogUObjectHash: Compacting FUObjectHashTables data took   2.99ms
[2019.11.29-01.30.46:433][304]LogInit: XAudio2 using 'スピーカー (Realtek High Definition Audio)' : 2 channels at 48 kHz using 32 bits per sample (channel mask 0x3)
[2019.11.29-01.30.46:463][304]LogInit: FAudioDevice initialized.
[2019.11.29-01.30.46:505][304]LogLoad: Game class is 'TwinStickGameMode_C'
[2019.11.29-01.30.46:507][304]LogWorld: Bringing World /Game/TwinStickBP/Maps/UEDPIE_0_TwinStickExampleMap.TwinStickExampleMap up for play (max tick rate 60) at 2019.11.29-10.30.46
[2019.11.29-01.30.46:508][304]LogWorld: Bringing up level for play took: 0.001076
[2019.11.29-01.30.46:524][304]LogBlueprintActionDatabase: Requesting refresh due to module change: Voice (loaded)
[2019.11.29-01.30.46:527][304]LogBlueprintActionDatabase: Requesting refresh due to module change: MovieSceneCapture (loaded)
[2019.11.29-01.30.46:528][304]LogContentBrowser: Native class hierarchy updated for 'MovieSceneCapture' in 0.0006 seconds. Added 20 classes and 0 folders.
[2019.11.29-01.30.46:530][304]PIE: /Game/TwinStickBP/Maps/UEDPIE_0_TwinStickExampleMap 0.441のプレイ イン エディタの開始時間
[2019.11.29-01.30.46:531][304]LogBlueprintUserMessages: Late PlayInEditor Detection: Level '/Game/TwinStickBP/Maps/TwinStickExampleMap.TwinStickExampleMap:PersistentLevel' has LevelScriptBlueprint '/Game/TwinStickBP/Maps/TwinStickExampleMap.TwinStickExampleMap:PersistentLevel.TwinStickExampleMap' with GeneratedClass '/Game/TwinStickBP/Maps/TwinStickExampleMap.TwinStickExampleMap_C' with ClassGeneratedBy '/Game/TwinStickBP/Maps/TwinStickExampleMap.TwinStickExampleMap:PersistentLevel.TwinStickExampleMap'
[2019.11.29-01.30.49:480][460]LogBlueprintUserMessages: [BP_EnemySpawner3_8] stage0
[2019.11.29-01.30.49:480][460]LogBlueprintUserMessages: [BP_EnemySpawner4_11] stage0
[2019.11.29-01.30.49:480][460]LogBlueprintUserMessages: [BP_EnemySpawner_2] stage0
[2019.11.29-01.30.50:408][516]LogBlueprintUserMessages: [BP_Enemy_C_2] KillCount1
[2019.11.29-01.30.50:741][536]LogBlueprintUserMessages: [BP_Enemy_C_1] KillCount2
[2019.11.29-01.30.52:480][640]LogBlueprintUserMessages: [BP_EnemySpawner3_8] stage0
[2019.11.29-01.30.52:480][640]LogBlueprintUserMessages: [BP_EnemySpawner4_11] stage0
[2019.11.29-01.30.52:480][640]LogBlueprintUserMessages: [BP_EnemySpawner_2] stage0
[2019.11.29-01.30.52:708][654]LogBlueprintUserMessages: [BP_Enemy_C_0] KillCount3
[2019.11.29-01.30.53:427][697]LogBlueprintUserMessages: [BP_Enemy_C_4] KillCount4
[2019.11.29-01.30.53:943][728]LogBlueprintUserMessages: [BP_Enemy_C_5] KillCount5
[2019.11.29-01.30.55:483][820]LogBlueprintUserMessages: [BP_EnemySpawner3_8] stage1
[2019.11.29-01.30.55:486][820]LogBlueprintUserMessages: [BP_EnemySpawner4_11] stage1
[2019.11.29-01.30.55:486][820]LogBlueprintUserMessages: [BP_EnemySpawner_2] stage1
[2019.11.29-01.30.55:613][828]LogBlueprintUserMessages: [BP_Enemy_C_3] KillCount6
[2019.11.29-01.30.57:116][918]LogBlueprintUserMessages: [BP_Enemy_C_8] KillCount7
[2019.11.29-01.30.57:366][933]LogBlueprintUserMessages: [BP_Enemy_C_9] KillCount8
[2019.11.29-01.30.57:951][968]LogBlueprintUserMessages: [BP_Enemy_C_10] KillCount9
[2019.11.29-01.30.58:067][975]LogBlueprintUserMessages: [BP_Enemy_C_7] KillCount10
[2019.11.29-01.30.58:485][  0]LogSpawn: Warning: SpawnActor failed because of collision at the spawn location [X=-580.000 Y=-690.000 Z=160.000] for [BP_Enemy_C]
[2019.11.29-01.30.58:485][  0]LogBlueprintUserMessages: [BP_EnemySpawner3_8] stage3
[2019.11.29-01.30.58:488][  0]LogSpawn: Warning: SpawnActor failed because of collision at the spawn location [X=-700.000 Y=640.000 Z=160.000] for [BP_Enemy_C]
[2019.11.29-01.30.58:489][  0]LogBlueprintUserMessages: [BP_EnemySpawner4_11] stage3
[2019.11.29-01.30.58:496][  0]LogSpawn: Warning: SpawnActor failed because of collision at the spawn location [X=660.000 Y=-70.000 Z=160.000] for [BP_Enemy_C]
[2019.11.29-01.30.58:496][  0]LogBlueprintUserMessages: [BP_EnemySpawner_2] stage3
[2019.11.29-01.30.58:775][ 17]LogBlueprintUserMessages: [BP_Enemy_C_11] KillCount11
[2019.11.29-01.30.59:738][ 75]LogBlueprintUserMessages: [BP_Enemy_C_14] KillCount12
[2019.11.29-01.30.59:789][ 78]LogBlueprintUserMessages: [BP_Enemy_C_22] KillCount13
[2019.11.29-01.31.00:189][102]LogBlueprintUserMessages: [BP_Enemy_C_6] KillCount14
[2019.11.29-01.31.00:438][117]LogBlueprintUserMessages: [BP_Enemy_C_21] KillCount15
[2019.11.29-01.31.00:571][125]LogBlueprintUserMessages: [BP_Enemy_C_20] KillCount16
[2019.11.29-01.31.00:705][133]LogBlueprintUserMessages: [BP_Enemy_C_18] KillCount17
[2019.11.29-01.31.00:821][140]LogBlueprintUserMessages: [BP_Enemy_C_16] KillCount18
[2019.11.29-01.31.01:495][180]LogSpawn: Warning: SpawnActor failed because of collision at the spawn location [X=-580.000 Y=-690.000 Z=160.000] for [BP_Enemy_C]
[2019.11.29-01.31.01:496][180]LogBlueprintUserMessages: [BP_EnemySpawner3_8] stage5
[2019.11.29-01.31.01:502][180]LogSpawn: Warning: SpawnActor failed because of collision at the spawn location [X=-700.000 Y=640.000 Z=160.000] for [BP_Enemy_C]
[2019.11.29-01.31.01:502][180]LogBlueprintUserMessages: [BP_EnemySpawner4_11] stage5
[2019.11.29-01.31.01:510][180]LogSpawn: Warning: SpawnActor failed because of collision at the spawn location [X=660.000 Y=-70.000 Z=160.000] for [BP_Enemy_C]
[2019.11.29-01.31.01:510][180]LogBlueprintUserMessages: [BP_EnemySpawner_2] stage5
[2019.11.29-01.31.01:822][199]LogBlueprintUserMessages: [BP_Enemy_C_12] KillCount19
[2019.11.29-01.31.02:542][241]LogBlueprintUserMessages: [BP_Enemy_C_25] KillCount20
[2019.11.29-01.31.02:808][257]LogBlueprintUserMessages: [BP_Enemy_C_33] KillCount21
[2019.11.29-01.31.03:008][269]LogBlueprintUserMessages: [BP_Enemy_C_13] KillCount22
[2019.11.29-01.31.03:708][311]LogBlueprintUserMessages: [BP_Enemy_C_29] KillCount23
[2019.11.29-01.31.04:091][334]LogBlueprintUserMessages: [BP_Enemy_C_30] KillCount24
[2019.11.29-01.31.04:292][346]LogBlueprintUserMessages: [BP_Enemy_C_24] KillCount25
[2019.11.29-01.31.04:474][357]LogBlueprintUserMessages: [BP_Enemy_C_32] KillCount26
[2019.11.29-01.31.04:495][358]LogSpawn: Warning: SpawnActor failed because of collision at the spawn location [X=-580.000 Y=-690.000 Z=160.000] for [BP_Enemy_C]
[2019.11.29-01.31.04:495][358]LogBlueprintUserMessages: [BP_EnemySpawner3_8] stage5
[2019.11.29-01.31.04:499][358]LogSpawn: Warning: SpawnActor failed because of collision at the spawn location [X=-700.000 Y=640.000 Z=160.000] for [BP_Enemy_C]
[2019.11.29-01.31.04:499][358]LogBlueprintUserMessages: [BP_EnemySpawner4_11] stage5
[2019.11.29-01.31.04:503][358]LogSpawn: Warning: SpawnActor failed because of collision at the spawn location [X=660.000 Y=-70.000 Z=160.000] for [BP_Enemy_C]
[2019.11.29-01.31.04:503][358]LogBlueprintUserMessages: [BP_EnemySpawner_2] stage5
[2019.11.29-01.31.04:635][366]LogBlueprintUserMessages: [BP_Enemy_C_26] KillCount27
[2019.11.29-01.31.04:816][377]LogBlueprintUserMessages: [BP_Enemy_C_17] KillCount28
[2019.11.29-01.31.04:983][387]LogBlueprintUserMessages: [BP_Enemy_C_34] KillCount29
[2019.11.29-01.31.07:497][536]LogSpawn: Warning: SpawnActor failed because of collision at the spawn location [X=-580.000 Y=-690.000 Z=160.000] for [BP_Enemy_C]
[2019.11.29-01.31.07:497][536]LogBlueprintUserMessages: [BP_EnemySpawner3_8] stage5
[2019.11.29-01.31.07:501][536]LogSpawn: Warning: SpawnActor failed because of collision at the spawn location [X=-700.000 Y=640.000 Z=160.000] for [BP_Enemy_C]
[2019.11.29-01.31.07:501][536]LogBlueprintUserMessages: [BP_EnemySpawner4_11] stage5
[2019.11.29-01.31.07:508][536]LogSpawn: Warning: SpawnActor failed because of collision at the spawn location [X=660.000 Y=-70.000 Z=160.000] for [BP_Enemy_C]
[2019.11.29-01.31.07:508][536]LogBlueprintUserMessages: [BP_EnemySpawner_2] stage5
[2019.11.29-01.31.07:570][540]LogBlueprintUserMessages: [BP_Enemy_C_40] KillCount30
[2019.11.29-01.31.07:951][563]LogBlueprintUserMessages: [BP_Enemy_C_37] KillCount31
[2019.11.29-01.31.08:134][574]LogBlueprintUserMessages: [BP_Enemy_C_42] KillCount32
[2019.11.29-01.31.08:707][608]LogBlueprintUserMessages: [BP_Enemy_C_45] KillCount33
[2019.11.29-01.31.08:891][619]LogBlueprintUserMessages: [BP_Enemy_C_54] KillCount34
[2019.11.29-01.31.09:315][644]LogBlueprintUserMessages: [BP_Enemy_C_36] KillCount35
[2019.11.29-01.31.09:782][672]LogBlueprintUserMessages: [BP_Enemy_C_58] KillCount36
[2019.11.29-01.31.10:099][691]LogBlueprintUserMessages: Early EndPlayMap Detection: Level '/Game/TwinStickBP/Maps/TwinStickExampleMap.TwinStickExampleMap:PersistentLevel' has LevelScriptBlueprint '/Game/TwinStickBP/Maps/TwinStickExampleMap.TwinStickExampleMap:PersistentLevel.TwinStickExampleMap' with GeneratedClass '/Game/TwinStickBP/Maps/TwinStickExampleMap.TwinStickExampleMap_C' with ClassGeneratedBy '/Game/TwinStickBP/Maps/TwinStickExampleMap.TwinStickExampleMap:PersistentLevel.TwinStickExampleMap'
[2019.11.29-01.31.10:100][691]LogSlate: Updating window title bar state: overlay mode, drag disabled, window buttons hidden, title bar hidden
[2019.11.29-01.31.10:142][691]LogPlayLevel: Display: Shutting down PIE online subsystems
[2019.11.29-01.31.10:142][691]LogBlueprintUserMessages: Late EndPlayMap Detection: Level '/Game/TwinStickBP/Maps/TwinStickExampleMap.TwinStickExampleMap:PersistentLevel' has LevelScriptBlueprint '/Game/TwinStickBP/Maps/TwinStickExampleMap.TwinStickExampleMap:PersistentLevel.TwinStickExampleMap' with GeneratedClass '/Game/TwinStickBP/Maps/TwinStickExampleMap.TwinStickExampleMap_C' with ClassGeneratedBy '/Game/TwinStickBP/Maps/TwinStickExampleMap.TwinStickExampleMap:PersistentLevel.TwinStickExampleMap'
[2019.11.29-01.31.10:188][691]LogSlate: Updating window title bar state: overlay mode, drag disabled, window buttons hidden, title bar hidden
[2019.11.29-01.31.10:220][691]LogUObjectHash: Compacting FUObjectHashTables data took   5.62ms
[2019.11.29-01.31.10:231][692]LogPlayLevel: Display: Destroying online subsystem :Context_6
[2019.11.29-01.31.42:433][623]LogSlate: FSceneViewport::OnFocusLost() reason 0
[2019.11.29-01.31.42:550][630]LogTemp: Repeating last play command: 選択ビューポート
[2019.11.29-01.31.42:560][630]LogBlueprintUserMessages: Early PlayInEditor Detection: Level '/Game/TwinStickBP/Maps/TwinStickExampleMap.TwinStickExampleMap:PersistentLevel' has LevelScriptBlueprint '/Game/TwinStickBP/Maps/TwinStickExampleMap.TwinStickExampleMap:PersistentLevel.TwinStickExampleMap' with GeneratedClass '/Game/TwinStickBP/Maps/TwinStickExampleMap.TwinStickExampleMap_C' with ClassGeneratedBy '/Game/TwinStickBP/Maps/TwinStickExampleMap.TwinStickExampleMap:PersistentLevel.TwinStickExampleMap'
[2019.11.29-01.31.42:560][630]LogPlayLevel: PlayLevel: No blueprints needed recompiling
[2019.11.29-01.31.42:560][630]PIE: New page: PIEセッション: TwinStickExampleMap (2019/11/29 19:31:42)
[2019.11.29-01.31.42:561][630]LogPlayLevel: Creating play world package: /Game/TwinStickBP/Maps/UEDPIE_0_TwinStickExampleMap
[2019.11.29-01.31.42:568][630]LogPlayLevel: PIE: StaticDuplicateObject took: (0.006384s)
[2019.11.29-01.31.42:568][630]LogAIModule: Creating AISystem for world TwinStickExampleMap
[2019.11.29-01.31.42:568][630]LogPlayLevel: PIE: World Init took: (0.000705s)
[2019.11.29-01.31.42:568][630]LogPlayLevel: PIE: Created PIE world by copying editor world from /Game/TwinStickBP/Maps/TwinStickExampleMap.TwinStickExampleMap to /Game/TwinStickBP/Maps/UEDPIE_0_TwinStickExampleMap.TwinStickExampleMap (0.007470s)
[2019.11.29-01.31.42:615][630]LogUObjectHash: Compacting FUObjectHashTables data took   3.02ms
[2019.11.29-01.31.42:618][630]LogInit: XAudio2 using 'スピーカー (Realtek High Definition Audio)' : 2 channels at 48 kHz using 32 bits per sample (channel mask 0x3)
[2019.11.29-01.31.42:649][630]LogInit: FAudioDevice initialized.
[2019.11.29-01.31.42:679][630]LogLoad: Game class is 'TwinStickGameMode_C'
[2019.11.29-01.31.42:681][630]LogWorld: Bringing World /Game/TwinStickBP/Maps/UEDPIE_0_TwinStickExampleMap.TwinStickExampleMap up for play (max tick rate 60) at 2019.11.29-10.31.42
[2019.11.29-01.31.42:681][630]LogWorld: Bringing up level for play took: 0.000929
[2019.11.29-01.31.42:694][630]PIE: /Game/TwinStickBP/Maps/UEDPIE_0_TwinStickExampleMap 0.604のプレイ イン エディタの開始時間
[2019.11.29-01.31.42:694][630]LogBlueprintUserMessages: Late PlayInEditor Detection: Level '/Game/TwinStickBP/Maps/TwinStickExampleMap.TwinStickExampleMap:PersistentLevel' has LevelScriptBlueprint '/Game/TwinStickBP/Maps/TwinStickExampleMap.TwinStickExampleMap:PersistentLevel.TwinStickExampleMap' with GeneratedClass '/Game/TwinStickBP/Maps/TwinStickExampleMap.TwinStickExampleMap_C' with ClassGeneratedBy '/Game/TwinStickBP/Maps/TwinStickExampleMap.TwinStickExampleMap:PersistentLevel.TwinStickExampleMap'
[2019.11.29-01.31.45:548][800]LogBlueprintUserMessages: [BP_EnemySpawner3_8] stage0
[2019.11.29-01.31.45:548][800]LogBlueprintUserMessages: [BP_EnemySpawner4_11] stage0
[2019.11.29-01.31.45:548][800]LogBlueprintUserMessages: [BP_EnemySpawner_2] stage0
[2019.11.29-01.31.46:579][862]LogBlueprintUserMessages: [BP_Enemy_C_2] KillCount1
[2019.11.29-01.31.48:549][980]LogBlueprintUserMessages: [BP_EnemySpawner3_8] stage0
[2019.11.29-01.31.48:549][980]LogBlueprintUserMessages: [BP_EnemySpawner4_11] stage0
[2019.11.29-01.31.48:549][980]LogBlueprintUserMessages: [BP_EnemySpawner_2] stage0
[2019.11.29-01.31.48:715][990]LogBlueprintUserMessages: [BP_Enemy_C_1] KillCount2
[2019.11.29-01.31.50:213][ 80]LogBlueprintUserMessages: [BP_Enemy_C_4] KillCount3
[2019.11.29-01.31.50:630][105]LogBlueprintUserMessages: [BP_Enemy_C_0] KillCount4
[2019.11.29-01.31.50:764][113]LogBlueprintUserMessages: [BP_Enemy_C_5] KillCount5
[2019.11.29-01.31.50:880][120]LogBlueprintUserMessages: [BP_Enemy_C_3] KillCount6
[2019.11.29-01.31.51:552][160]LogBlueprintUserMessages: [BP_EnemySpawner3_8] stage2
[2019.11.29-01.31.51:558][160]LogBlueprintUserMessages: [BP_EnemySpawner4_11] stage2
[2019.11.29-01.31.51:561][160]LogBlueprintUserMessages: [BP_EnemySpawner_2] stage2
[2019.11.29-01.31.52:840][237]LogBlueprintUserMessages: [BP_Enemy_C_7] KillCount7
[2019.11.29-01.31.53:128][254]LogBlueprintUserMessages: [BP_Enemy_C_12] KillCount8
[2019.11.29-01.31.53:609][282]LogBlueprintUserMessages: [BP_Enemy_C_11] KillCount9
[2019.11.29-01.31.53:942][302]LogBlueprintUserMessages: [BP_Enemy_C_10] KillCount10
[2019.11.29-01.31.54:208][318]LogBlueprintUserMessages: [BP_Enemy_C_8] KillCount11
[2019.11.29-01.31.54:542][338]LogBlueprintUserMessages: [BP_Enemy_C_14] KillCount12
[2019.11.29-01.31.54:561][339]LogSpawn: Warning: SpawnActor failed because of collision at the spawn location [X=-580.000 Y=-690.000 Z=160.000] for [BP_Enemy_C]
[2019.11.29-01.31.54:562][339]LogBlueprintUserMessages: [BP_EnemySpawner3_8] stage4
[2019.11.29-01.31.54:571][339]LogSpawn: Warning: SpawnActor failed because of collision at the spawn location [X=-700.000 Y=640.000 Z=160.000] for [BP_Enemy_C]
[2019.11.29-01.31.54:571][339]LogBlueprintUserMessages: [BP_EnemySpawner4_11] stage4
[2019.11.29-01.31.54:574][339]LogSpawn: Warning: SpawnActor failed because of collision at the spawn location [X=660.000 Y=-70.000 Z=160.000] for [BP_Enemy_C]
[2019.11.29-01.31.54:575][339]LogBlueprintUserMessages: [BP_EnemySpawner_2] stage4
[2019.11.29-01.31.54:653][344]LogBlueprintUserMessages: [BP_Enemy_C_13] KillCount13
[2019.11.29-01.31.55:018][366]LogBlueprintUserMessages: [BP_Enemy_C_20] KillCount14
[2019.11.29-01.31.55:451][392]LogBlueprintUserMessages: [BP_Enemy_C_15] KillCount15
[2019.11.29-01.31.55:518][396]LogBlueprintUserMessages: [BP_Enemy_C_6] KillCount16
[2019.11.29-01.31.55:775][411]LogBlueprintUserMessages: [BP_Enemy_C_16] KillCount17
[2019.11.29-01.31.56:041][427]LogBlueprintUserMessages: [BP_Enemy_C_17] KillCount18
[2019.11.29-01.31.56:325][444]LogBlueprintUserMessages: [BP_Enemy_C_19] KillCount19
[2019.11.29-01.31.56:492][454]LogBlueprintUserMessages: [BP_Enemy_C_9] KillCount20
[2019.11.29-01.31.56:660][464]LogBlueprintUserMessages: [BP_Enemy_C_24] KillCount21
[2019.11.29-01.31.57:579][519]LogSpawn: Warning: SpawnActor failed because of collision at the spawn location [X=-580.000 Y=-690.000 Z=160.000] for [BP_Enemy_C]
[2019.11.29-01.31.57:579][519]LogBlueprintUserMessages: [BP_EnemySpawner3_8] stage5
[2019.11.29-01.31.57:587][519]LogSpawn: Warning: SpawnActor failed because of collision at the spawn location [X=-700.000 Y=640.000 Z=160.000] for [BP_Enemy_C]
[2019.11.29-01.31.57:588][519]LogBlueprintUserMessages: [BP_EnemySpawner4_11] stage5
[2019.11.29-01.31.57:591][519]LogSpawn: Warning: SpawnActor failed because of collision at the spawn location [X=660.000 Y=-70.000 Z=160.000] for [BP_Enemy_C]
[2019.11.29-01.31.57:591][519]LogBlueprintUserMessages: [BP_EnemySpawner_2] stage5
[2019.11.29-01.31.58:434][570]LogBlueprintUserMessages: [BP_Enemy_C_23] KillCount22
[2019.11.29-01.31.58:552][577]LogBlueprintUserMessages: [BP_Enemy_C_25] KillCount23
[2019.11.29-01.31.58:667][584]LogBlueprintUserMessages: [BP_Enemy_C_21] KillCount24
[2019.11.29-01.31.59:334][624]LogBlueprintUserMessages: [BP_Enemy_C_27] KillCount25
[2019.11.29-01.31.59:518][635]LogBlueprintUserMessages: [BP_Enemy_C_29] KillCount26
[2019.11.29-01.31.59:684][645]LogBlueprintUserMessages: [BP_Enemy_C_36] KillCount27
[2019.11.29-01.31.59:868][656]LogBlueprintUserMessages: [BP_Enemy_C_32] KillCount28
[2019.11.29-01.32.00:067][668]LogBlueprintUserMessages: [BP_Enemy_C_31] KillCount29
[2019.11.29-01.32.00:366][686]LogBlueprintUserMessages: [BP_Enemy_C_37] KillCount30
[2019.11.29-01.32.00:588][699]LogSpawn: Warning: SpawnActor failed because of collision at the spawn location [X=-580.000 Y=-690.000 Z=160.000] for [BP_Enemy_C]
[2019.11.29-01.32.00:588][699]LogBlueprintUserMessages: [BP_EnemySpawner3_8] stage5
[2019.11.29-01.32.00:591][699]LogSpawn: Warning: SpawnActor failed because of collision at the spawn location [X=-700.000 Y=640.000 Z=160.000] for [BP_Enemy_C]
[2019.11.29-01.32.00:591][699]LogBlueprintUserMessages: [BP_EnemySpawner4_11] stage5
[2019.11.29-01.32.00:595][699]LogSpawn: Warning: SpawnActor failed because of collision at the spawn location [X=660.000 Y=-70.000 Z=160.000] for [BP_Enemy_C]
[2019.11.29-01.32.00:595][699]LogBlueprintUserMessages: [BP_EnemySpawner_2] stage5
[2019.11.29-01.32.01:639][762]LogBlueprintUserMessages: [BP_Enemy_C_35] KillCount31
[2019.11.29-01.32.01:772][770]LogBlueprintUserMessages: [BP_Enemy_C_48] KillCount32
[2019.11.29-01.32.02:372][806]LogBlueprintUserMessages: [BP_Enemy_C_33] KillCount33
[2019.11.29-01.32.02:405][808]LogBlueprintUserMessages: [BP_Enemy_C_41] KillCount34
[2019.11.29-01.32.02:639][822]LogBlueprintUserMessages: [BP_Enemy_C_40] KillCount35
[2019.11.29-01.32.02:739][828]LogBlueprintUserMessages: [BP_Enemy_C_49] KillCount36
[2019.11.29-01.32.02:872][836]LogBlueprintUserMessages: [BP_Enemy_C_47] KillCount37
[2019.11.29-01.32.02:989][843]LogBlueprintUserMessages: [BP_Enemy_C_28] KillCount38
[2019.11.29-01.32.03:592][879]LogSpawn: Warning: SpawnActor failed because of collision at the spawn location [X=-580.000 Y=-690.000 Z=160.000] for [BP_Enemy_C]
[2019.11.29-01.32.03:592][879]LogBlueprintUserMessages: [BP_EnemySpawner3_8] stage5
[2019.11.29-01.32.03:598][879]LogSpawn: Warning: SpawnActor failed because of collision at the spawn location [X=-700.000 Y=640.000 Z=160.000] for [BP_Enemy_C]
[2019.11.29-01.32.03:598][879]LogBlueprintUserMessages: [BP_EnemySpawner4_11] stage5
[2019.11.29-01.32.03:601][879]LogSpawn: Warning: SpawnActor failed because of collision at the spawn location [X=660.000 Y=-70.000 Z=160.000] for [BP_Enemy_C]
[2019.11.29-01.32.03:602][879]LogBlueprintUserMessages: [BP_EnemySpawner_2] stage5
[2019.11.29-01.32.04:059][907]LogBlueprintUserMessages: [BP_Enemy_C_43] KillCount39
[2019.11.29-01.32.04:660][943]LogBlueprintUserMessages: [BP_Enemy_C_57] KillCount40
[2019.11.29-01.32.04:826][953]LogBlueprintUserMessages: [BP_Enemy_C_45] KillCount41
[2019.11.29-01.32.04:993][963]LogBlueprintUserMessages: [BP_Enemy_C_39] KillCount42
[2019.11.29-01.32.05:277][980]LogBlueprintUserMessages: [BP_Enemy_C_56] KillCount43
[2019.11.29-01.32.05:377][986]LogBlueprintUserMessages: [BP_Enemy_C_55] KillCount44
[2019.11.29-01.32.05:593][999]LogBlueprintUserMessages: [BP_Enemy_C_52] KillCount45
[2019.11.29-01.32.05:778][ 10]LogBlueprintUserMessages: [BP_Enemy_C_53] KillCount46
[2019.11.29-01.32.06:243][ 38]LogBlueprintUserMessages: [BP_Enemy_C_60] KillCount47
[2019.11.29-01.32.06:596][ 59]LogSpawn: Warning: SpawnActor failed because of collision at the spawn location [X=-580.000 Y=-690.000 Z=160.000] for [BP_Enemy_C]
[2019.11.29-01.32.06:596][ 59]LogBlueprintUserMessages: [BP_EnemySpawner3_8] stage5
[2019.11.29-01.32.06:599][ 59]LogSpawn: Warning: SpawnActor failed because of collision at the spawn location [X=-700.000 Y=640.000 Z=160.000] for [BP_Enemy_C]
[2019.11.29-01.32.06:599][ 59]LogBlueprintUserMessages: [BP_EnemySpawner4_11] stage5
[2019.11.29-01.32.06:603][ 59]LogSpawn: Warning: SpawnActor failed because of collision at the spawn location [X=660.000 Y=-70.000 Z=160.000] for [BP_Enemy_C]
[2019.11.29-01.32.06:603][ 59]LogBlueprintUserMessages: [BP_EnemySpawner_2] stage5
[2019.11.29-01.32.06:948][ 80]LogBlueprintUserMessages: [BP_Enemy_C_63] KillCount48
[2019.11.29-01.32.07:148][ 92]LogBlueprintUserMessages: [BP_Enemy_C_68] KillCount49
[2019.11.29-01.32.07:582][118]LogBlueprintUserMessages: [BP_Enemy_C_51] KillCount50
[2019.11.29-01.32.08:317][162]LogBlueprintUserMessages: [BP_Enemy_C_64] KillCount51
[2019.11.29-01.32.09:019][204]LogBlueprintUserMessages: [BP_Enemy_C_44] KillCount52
[2019.11.29-01.32.09:198][215]LogBlueprintUserMessages: [BP_Enemy_C_69] KillCount53
[2019.11.29-01.32.09:603][239]LogSpawn: Warning: SpawnActor failed because of collision at the spawn location [X=-580.000 Y=-690.000 Z=160.000] for [BP_Enemy_C]
[2019.11.29-01.32.09:604][239]LogBlueprintUserMessages: [BP_EnemySpawner3_8] stage5
[2019.11.29-01.32.09:610][239]LogSpawn: Warning: SpawnActor failed because of collision at the spawn location [X=-700.000 Y=640.000 Z=160.000] for [BP_Enemy_C]
[2019.11.29-01.32.09:610][239]LogBlueprintUserMessages: [BP_EnemySpawner4_11] stage5
[2019.11.29-01.32.09:619][239]LogSpawn: Warning: SpawnActor failed because of collision at the spawn location [X=660.000 Y=-70.000 Z=160.000] for [BP_Enemy_C]
[2019.11.29-01.32.09:619][239]LogBlueprintUserMessages: [BP_EnemySpawner_2] stage5
[2019.11.29-01.32.10:213][275]LogBlueprintUserMessages: [BP_Enemy_C_61] KillCount54
[2019.11.29-01.32.10:761][308]LogBlueprintUserMessages: [BP_Enemy_C_72] KillCount55
[2019.11.29-01.32.10:994][322]LogBlueprintUserMessages: [BP_Enemy_C_65] KillCount56
[2019.11.29-01.32.11:160][332]LogBlueprintUserMessages: [BP_Enemy_C_73] KillCount57
[2019.11.29-01.32.11:461][350]LogBlueprintUserMessages: Early EndPlayMap Detection: Level '/Game/TwinStickBP/Maps/TwinStickExampleMap.TwinStickExampleMap:PersistentLevel' has LevelScriptBlueprint '/Game/TwinStickBP/Maps/TwinStickExampleMap.TwinStickExampleMap:PersistentLevel.TwinStickExampleMap' with GeneratedClass '/Game/TwinStickBP/Maps/TwinStickExampleMap.TwinStickExampleMap_C' with ClassGeneratedBy '/Game/TwinStickBP/Maps/TwinStickExampleMap.TwinStickExampleMap:PersistentLevel.TwinStickExampleMap'
[2019.11.29-01.32.11:461][350]LogSlate: Updating window title bar state: overlay mode, drag disabled, window buttons hidden, title bar hidden
[2019.11.29-01.32.11:496][350]LogPlayLevel: Display: Shutting down PIE online subsystems
[2019.11.29-01.32.11:496][350]LogBlueprintUserMessages: Late EndPlayMap Detection: Level '/Game/TwinStickBP/Maps/TwinStickExampleMap.TwinStickExampleMap:PersistentLevel' has LevelScriptBlueprint '/Game/TwinStickBP/Maps/TwinStickExampleMap.TwinStickExampleMap:PersistentLevel.TwinStickExampleMap' with GeneratedClass '/Game/TwinStickBP/Maps/TwinStickExampleMap.TwinStickExampleMap_C' with ClassGeneratedBy '/Game/TwinStickBP/Maps/TwinStickExampleMap.TwinStickExampleMap:PersistentLevel.TwinStickExampleMap'
[2019.11.29-01.32.11:543][350]LogSlate: Updating window title bar state: overlay mode, drag disabled, window buttons hidden, title bar hidden
[2019.11.29-01.32.11:552][350]LogUObjectHash: Compacting FUObjectHashTables data took   2.13ms
[2019.11.29-01.32.11:563][351]LogPlayLevel: Display: Destroying online subsystem :Context_7
[2019.11.29-01.33.30:934][112]LogSlate: FSceneViewport::OnFocusLost() reason 0
[2019.11.29-01.33.31:051][119]LogTemp: Repeating last play command: 選択ビューポート
[2019.11.29-01.33.31:062][119]LogBlueprintUserMessages: Early PlayInEditor Detection: Level '/Game/TwinStickBP/Maps/TwinStickExampleMap.TwinStickExampleMap:PersistentLevel' has LevelScriptBlueprint '/Game/TwinStickBP/Maps/TwinStickExampleMap.TwinStickExampleMap:PersistentLevel.TwinStickExampleMap' with GeneratedClass '/Game/TwinStickBP/Maps/TwinStickExampleMap.TwinStickExampleMap_C' with ClassGeneratedBy '/Game/TwinStickBP/Maps/TwinStickExampleMap.TwinStickExampleMap:PersistentLevel.TwinStickExampleMap'
[2019.11.29-01.33.31:062][119]LogPlayLevel: PlayLevel: No blueprints needed recompiling
[2019.11.29-01.33.31:062][119]PIE: New page: PIEセッション: TwinStickExampleMap (2019/11/29 19:33:31)
[2019.11.29-01.33.31:062][119]LogPlayLevel: Creating play world package: /Game/TwinStickBP/Maps/UEDPIE_0_TwinStickExampleMap
[2019.11.29-01.33.31:069][119]LogPlayLevel: PIE: StaticDuplicateObject took: (0.006376s)
[2019.11.29-01.33.31:070][119]LogAIModule: Creating AISystem for world TwinStickExampleMap
[2019.11.29-01.33.31:070][119]LogPlayLevel: PIE: World Init took: (0.001503s)
[2019.11.29-01.33.31:070][119]LogPlayLevel: PIE: Created PIE world by copying editor world from /Game/TwinStickBP/Maps/TwinStickExampleMap.TwinStickExampleMap to /Game/TwinStickBP/Maps/UEDPIE_0_TwinStickExampleMap.TwinStickExampleMap (0.008155s)
[2019.11.29-01.33.31:114][119]LogUObjectHash: Compacting FUObjectHashTables data took   2.60ms
[2019.11.29-01.33.31:117][119]LogInit: XAudio2 using 'スピーカー (Realtek High Definition Audio)' : 2 channels at 48 kHz using 32 bits per sample (channel mask 0x3)
[2019.11.29-01.33.31:148][119]LogInit: FAudioDevice initialized.
[2019.11.29-01.33.31:175][119]LogLoad: Game class is 'TwinStickGameMode_C'
[2019.11.29-01.33.31:177][119]LogWorld: Bringing World /Game/TwinStickBP/Maps/UEDPIE_0_TwinStickExampleMap.TwinStickExampleMap up for play (max tick rate 60) at 2019.11.29-10.33.31
[2019.11.29-01.33.31:177][119]LogWorld: Bringing up level for play took: 0.001115
[2019.11.29-01.33.31:191][119]PIE: /Game/TwinStickBP/Maps/UEDPIE_0_TwinStickExampleMap 1.102のプレイ イン エディタの開始時間
[2019.11.29-01.33.31:192][119]LogBlueprintUserMessages: Late PlayInEditor Detection: Level '/Game/TwinStickBP/Maps/TwinStickExampleMap.TwinStickExampleMap:PersistentLevel' has LevelScriptBlueprint '/Game/TwinStickBP/Maps/TwinStickExampleMap.TwinStickExampleMap:PersistentLevel.TwinStickExampleMap' with GeneratedClass '/Game/TwinStickBP/Maps/TwinStickExampleMap.TwinStickExampleMap_C' with ClassGeneratedBy '/Game/TwinStickBP/Maps/TwinStickExampleMap.TwinStickExampleMap:PersistentLevel.TwinStickExampleMap'
[2019.11.29-01.33.34:050][289]LogBlueprintUserMessages: [BP_EnemySpawner3_8] stage0
[2019.11.29-01.33.34:050][289]LogBlueprintUserMessages: [BP_EnemySpawner4_11] stage0
[2019.11.29-01.33.34:050][289]LogBlueprintUserMessages: [BP_EnemySpawner_2] stage0
[2019.11.29-01.33.35:980][405]LogBlueprintUserMessages: [BP_Enemy_C_2] KillCount1
[2019.11.29-01.33.36:214][419]LogBlueprintUserMessages: [BP_Enemy_C_0] KillCount2
[2019.11.29-01.33.36:664][446]LogBlueprintUserMessages: [BP_Enemy_C_1] KillCount3
[2019.11.29-01.33.37:050][469]LogBlueprintUserMessages: [BP_EnemySpawner3_8] stage1
[2019.11.29-01.33.37:056][469]LogBlueprintUserMessages: [BP_EnemySpawner4_11] stage1
[2019.11.29-01.33.37:056][469]LogBlueprintUserMessages: [BP_EnemySpawner_2] stage1
[2019.11.29-01.33.37:884][519]LogBlueprintUserMessages: [BP_Enemy_C_3] KillCount4
[2019.11.29-01.33.38:170][536]LogBlueprintUserMessages: [BP_Enemy_C_5] KillCount5
[2019.11.29-01.33.38:503][556]LogBlueprintUserMessages: [BP_Enemy_C_7] KillCount6
[2019.11.29-01.33.38:654][565]LogBlueprintUserMessages: [BP_Enemy_C_8] KillCount7
[2019.11.29-01.33.39:502][616]LogBlueprintUserMessages: [BP_Enemy_C_4] KillCount8
[2019.11.29-01.33.40:062][648]LogBlueprintUserMessages: [BP_EnemySpawner3_8] stage2
[2019.11.29-01.33.40:065][648]LogBlueprintUserMessages: [BP_EnemySpawner4_11] stage2
[2019.11.29-01.33.40:069][648]LogBlueprintUserMessages: [BP_EnemySpawner_2] stage2
[2019.11.29-01.33.40:144][653]LogBlueprintUserMessages: [BP_Enemy_C_11] KillCount9
[2019.11.29-01.33.41:177][715]LogBlueprintUserMessages: [BP_Enemy_C_15] KillCount10
[2019.11.29-01.33.41:961][762]LogBlueprintUserMessages: [BP_Enemy_C_6] KillCount11
[2019.11.29-01.33.42:194][776]LogBlueprintUserMessages: [BP_Enemy_C_14] KillCount12
[2019.11.29-01.33.42:295][782]LogBlueprintUserMessages: [BP_Enemy_C_16] KillCount13
[2019.11.29-01.33.42:411][789]LogBlueprintUserMessages: [BP_Enemy_C_17] KillCount14
[2019.11.29-01.33.42:595][800]LogBlueprintUserMessages: [BP_Enemy_C_12] KillCount15
[2019.11.29-01.33.43:065][828]LogSpawn: Warning: SpawnActor failed because of collision at the spawn location [X=-580.000 Y=-690.000 Z=160.000] for [BP_Enemy_C]
[2019.11.29-01.33.43:065][828]LogBlueprintUserMessages: [BP_EnemySpawner3_8] stage5
[2019.11.29-01.33.43:069][828]LogSpawn: Warning: SpawnActor failed because of collision at the spawn location [X=-700.000 Y=640.000 Z=160.000] for [BP_Enemy_C]
[2019.11.29-01.33.43:069][828]LogBlueprintUserMessages: [BP_EnemySpawner4_11] stage5
[2019.11.29-01.33.43:073][828]LogSpawn: Warning: SpawnActor failed because of collision at the spawn location [X=660.000 Y=-70.000 Z=160.000] for [BP_Enemy_C]
[2019.11.29-01.33.43:073][828]LogBlueprintUserMessages: [BP_EnemySpawner_2] stage5
[2019.11.29-01.33.43:073][828]LogBlueprintUserMessages: [BP_Enemy_C_23] KillCount16
[2019.11.29-01.33.43:605][860]LogBlueprintUserMessages: [BP_Enemy_C_10] KillCount17
[2019.11.29-01.33.43:623][861]LogBlueprintUserMessages: [BP_Enemy_C_26] KillCount18
[2019.11.29-01.33.44:160][893]LogBlueprintUserMessages: [BP_Enemy_C_9] KillCount19
[2019.11.29-01.33.44:377][906]LogBlueprintUserMessages: [BP_Enemy_C_13] KillCount20
[2019.11.29-01.33.44:610][920]LogBlueprintUserMessages: [BP_Enemy_C_22] KillCount21
[2019.11.29-01.33.44:811][932]LogBlueprintUserMessages: [BP_Enemy_C_24] KillCount22
[2019.11.29-01.33.44:996][943]LogBlueprintUserMessages: [BP_Enemy_C_27] KillCount23
[2019.11.29-01.33.45:160][953]LogBlueprintUserMessages: [BP_Enemy_C_28] KillCount24
[2019.11.29-01.33.45:710][986]LogBlueprintUserMessages: [BP_Enemy_C_20] KillCount25
[2019.11.29-01.33.45:894][997]LogBlueprintUserMessages: Early EndPlayMap Detection: Level '/Game/TwinStickBP/Maps/TwinStickExampleMap.TwinStickExampleMap:PersistentLevel' has LevelScriptBlueprint '/Game/TwinStickBP/Maps/TwinStickExampleMap.TwinStickExampleMap:PersistentLevel.TwinStickExampleMap' with GeneratedClass '/Game/TwinStickBP/Maps/TwinStickExampleMap.TwinStickExampleMap_C' with ClassGeneratedBy '/Game/TwinStickBP/Maps/TwinStickExampleMap.TwinStickExampleMap:PersistentLevel.TwinStickExampleMap'
[2019.11.29-01.33.45:894][997]LogSlate: Updating window title bar state: overlay mode, drag disabled, window buttons hidden, title bar hidden
[2019.11.29-01.33.45:927][997]LogPlayLevel: Display: Shutting down PIE online subsystems
[2019.11.29-01.33.45:927][997]LogBlueprintUserMessages: Late EndPlayMap Detection: Level '/Game/TwinStickBP/Maps/TwinStickExampleMap.TwinStickExampleMap:PersistentLevel' has LevelScriptBlueprint '/Game/TwinStickBP/Maps/TwinStickExampleMap.TwinStickExampleMap:PersistentLevel.TwinStickExampleMap' with GeneratedClass '/Game/TwinStickBP/Maps/TwinStickExampleMap.TwinStickExampleMap_C' with ClassGeneratedBy '/Game/TwinStickBP/Maps/TwinStickExampleMap.TwinStickExampleMap:PersistentLevel.TwinStickExampleMap'
[2019.11.29-01.33.45:991][997]LogSlate: Updating window title bar state: overlay mode, drag disabled, window buttons hidden, title bar hidden
[2019.11.29-01.33.45:997][997]LogUObjectHash: Compacting FUObjectHashTables data took   2.02ms
[2019.11.29-01.33.46:009][998]LogPlayLevel: Display: Destroying online subsystem :Context_8
[2019.11.29-01.39.43:962][158]LogUObjectHash: Compacting FUObjectHashTables data took   1.42ms
[2019.11.29-01.39.44:257][158]LogSavePackage: Moving 'C:/Users/1601273/Documents/GitHub/mainP/Saved/TwinStickExampleMap_Auto1459A23D5458F94D63248BE929D3D2B27.tmp' to 'C:/Users/1601273/Documents/GitHub/mainP/Saved/Autosaves/Game/TwinStickBP/Maps/TwinStickExampleMap_Auto1.umap'
[2019.11.29-01.39.44:262][158]LogFileHelpers: Editor autosave (incl. sublevels) for '/Game/TwinStickBP/Maps/TwinStickExampleMap' took 0.351
[2019.11.29-01.39.44:262][158]LogFileHelpers: Editor autosave (incl. sublevels) for all levels took 0.351
